Collecting aiohttp==3.7.4
  Downloading aiohttp-3.7.4-cp37-cp37m-manylinux2014_x86_64.whl (1.3 MB)
     ━━━━━━━━━━━━━━━━━━━━━━━━━━━━━━━━━━━━━━━━ 1.3/1.3 MB 6.5 MB/s eta 0:00:00
Collecting aiohttp_jinja2==1.5.0
  Downloading aiohttp_jinja2-1.5-py3-none-any.whl (11 kB)
Collecting beautifulsoup4==4.6.3
  Downloading beautifulsoup4-4.6.3-py3-none-any.whl (90 kB)
     ━━━━━━━━━━━━━━━━━━━━━━━━━━━━━━━━━━━━━━━━ 90.4/90.4 kB 1.6 MB/s eta 0:00:00
Collecting cssutils==1.0.2
  Downloading cssutils-1.0.2-py3-none-any.whl (406 kB)
     ━━━━━━━━━━━━━━━━━━━━━━━━━━━━━━━━━━━━━━━ 406.3/406.3 kB 5.2 MB/s eta 0:00:00
Collecting gitpython==3.1.30
  Downloading GitPython-3.1.30-py3-none-any.whl (184 kB)
     ━━━━━━━━━━━━━━━━━━━━━━━━━━━━━━━━━━━━━━━ 184.0/184.0 kB 3.7 MB/s eta 0:00:00
Collecting pycodestyle==2.4.0
  Downloading pycodestyle-2.4.0-py2.py3-none-any.whl (62 kB)
     ━━━━━━━━━━━━━━━━━━━━━━━━━━━━━━━━━━━━━━━━ 62.3/62.3 kB 1.3 MB/s eta 0:00:00
Collecting attrs>=17.3.0
  Downloading attrs-24.2.0-py3-none-any.whl (63 kB)
     ━━━━━━━━━━━━━━━━━━━━━━━━━━━━━━━━━━━━━━━ 63.0/63.0 kB 762.0 kB/s eta 0:00:00
Collecting async-timeout<4.0,>=3.0
  Downloading async_timeout-3.0.1-py3-none-any.whl (8.2 kB)
Collecting multidict<7.0,>=4.5
  Downloading multidict-6.0.5-cp37-cp37m-manylinux_2_17_x86_64.manylinux2014_x86_64.whl (99 kB)
     ━━━━━━━━━━━━━━━━━━━━━━━━━━━━━━━━━━━━━━━━ 99.8/99.8 kB 1.0 MB/s eta 0:00:00
Collecting yarl<2.0,>=1.0
  Downloading yarl-1.9.4-cp37-cp37m-manylinux_2_17_x86_64.manylinux2014_x86_64.whl (289 kB)
     ━━━━━━━━━━━━━━━━━━━━━━━━━━━━━━━━━━━━━━━ 289.8/289.8 kB 4.5 MB/s eta 0:00:00
Collecting typing-extensions>=3.6.5
  Downloading typing_extensions-4.7.1-py3-none-any.whl (33 kB)
Collecting chardet<4.0,>=2.0
  Downloading chardet-3.0.4-py2.py3-none-any.whl (133 kB)
     ━━━━━━━━━━━━━━━━━━━━━━━━━━━━━━━━━━━━━━━ 133.4/133.4 kB 2.9 MB/s eta 0:00:00
Collecting jinja2>=3.0.0
  Downloading jinja2-3.1.6-py3-none-any.whl (134 kB)
     ━━━━━━━━━━━━━━━━━━━━━━━━━━━━━━━━━━━━━━━ 134.9/134.9 kB 2.7 MB/s eta 0:00:00
Collecting gitdb<5,>=4.0.1
  Downloading gitdb-4.0.12-py3-none-any.whl (62 kB)
     ━━━━━━━━━━━━━━━━━━━━━━━━━━━━━━━━━━━━━━━ 62.8/62.8 kB 961.8 kB/s eta 0:00:00
Collecting importlib-metadata
  Downloading importlib_metadata-6.7.0-py3-none-any.whl (22 kB)
Collecting smmap<6,>=3.0.1
  Downloading smmap-5.0.2-py3-none-any.whl (24 kB)
Collecting MarkupSafe>=2.0
  Downloading MarkupSafe-2.1.5-cp37-cp37m-manylinux_2_17_x86_64.manylinux2014_x86_64.whl (25 kB)
Collecting idna>=2.0
  Downloading idna-3.10-py3-none-any.whl (70 kB)
     ━━━━━━━━━━━━━━━━━━━━━━━━━━━━━━━━━━━━━━━━ 70.4/70.4 kB 1.3 MB/s eta 0:00:00
Collecting zipp>=0.5
  Downloading zipp-3.15.0-py3-none-any.whl (6.8 kB)
Installing collected packages: pycodestyle, cssutils, chardet, beautifulsoup4, zipp, typing-extensions, smmap, multidict, MarkupSafe, idna, async-timeout, yarl, jinja2, importlib-metadata, gitdb, gitpython, attrs, aiohttp, aiohttp_jinja2
Successfully installed MarkupSafe-2.1.5 aiohttp-3.7.4 aiohttp_jinja2-1.5 async-timeout-3.0.1 attrs-24.2.0 beautifulsoup4-4.6.3 chardet-3.0.4 cssutils-1.0.2 gitdb-4.0.12 gitpython-3.1.30 idna-3.10 importlib-metadata-6.7.0 jinja2-3.1.6 multidict-6.0.5 pycodestyle-2.4.0 smmap-5.0.2 typing-extensions-4.7.1 yarl-1.9.4 zipp-3.15.0
WARNING: Running pip as the 'root' user can result in broken permissions and conflicting behaviour with the system package manager. It is recommended to use a virtual environment instead: https://pip.pypa.io/warnings/venv

[notice] A new release of pip is available: 23.0.1 -> 24.0
[notice] To update, run: pip install --upgrade pip
running install
running bdist_egg
running egg_info
creating Snare.egg-info
writing Snare.egg-info/PKG-INFO
writing dependency_links to Snare.egg-info/dependency_links.txt
writing top-level names to Snare.egg-info/top_level.txt
writing manifest file 'Snare.egg-info/SOURCES.txt'
reading manifest file 'Snare.egg-info/SOURCES.txt'
adding license file 'LICENSE'
writing manifest file 'Snare.egg-info/SOURCES.txt'
installing library code to build/bdist.linux-x86_64/egg
running install_lib
running build_py
creating build
creating build/lib
creating build/lib/bin
copying bin/__init__.py -> build/lib/bin
creating build/lib/snare
copying snare/server.py -> build/lib/snare
copying snare/tanner_handler.py -> build/lib/snare
copying snare/__init__.py -> build/lib/snare
copying snare/middlewares.py -> build/lib/snare
copying snare/cloner.py -> build/lib/snare
copying snare/html_handler.py -> build/lib/snare
creating build/lib/snare/utils
copying snare/utils/page_path_generator.py -> build/lib/snare/utils
copying snare/utils/asyncmock.py -> build/lib/snare/utils
copying snare/utils/__init__.py -> build/lib/snare/utils
copying snare/utils/snare_helpers.py -> build/lib/snare/utils
copying snare/utils/logger.py -> build/lib/snare/utils
creating build/lib/snare/tests
copying snare/tests/test_snare_helpers_converter.py -> build/lib/snare/tests
copying snare/tests/test_server_stop.py -> build/lib/snare/tests
copying snare/tests/test_snare_helpers_parse_timeout.py -> build/lib/snare/tests
copying snare/tests/test_cloner_run.py -> build/lib/snare/tests
copying snare/tests/test_tanner_handler_parse_tanner_response.py -> build/lib/snare/tests
copying snare/tests/test_tanner_handler_create_data.py -> build/lib/snare/tests
copying snare/tests/test_cloner_get_body.py -> build/lib/snare/tests
copying snare/tests/test_cloner_make_filename.py -> build/lib/snare/tests
copying snare/tests/test_middleware.py -> build/lib/snare/tests
copying snare/tests/test_snare_helpers_versions_manager.py -> build/lib/snare/tests
copying snare/tests/test_tanner_handler_submit_data.py -> build/lib/snare/tests
copying snare/tests/test_server_handle_request.py -> build/lib/snare/tests
copying snare/tests/test_html_handler_handle_html_content.py -> build/lib/snare/tests
copying snare/tests/test_snare_helpers_check_meta_file.py -> build/lib/snare/tests
copying snare/tests/__init__.py -> build/lib/snare/tests
copying snare/tests/test_snare_helpers_check_privileges.py -> build/lib/snare/tests
copying snare/tests/test_cloner_process_links.py -> build/lib/snare/tests
copying snare/tests/test_logger.py -> build/lib/snare/tests
copying snare/tests/test_cloner_init.py -> build/lib/snare/tests
copying snare/tests/test_snare_helpers_print_color.py -> build/lib/snare/tests
copying snare/tests/test_snare_helpers_str_to_bool.py -> build/lib/snare/tests
copying snare/tests/test_html_handler_get_dorks.py -> build/lib/snare/tests
copying snare/tests/test_cloner_replace_links.py -> build/lib/snare/tests
copying snare/tests/test_snare_helpers_add_meta_tag.py -> build/lib/snare/tests
copying snare/tests/test_cloner_add_scheme.py -> build/lib/snare/tests
copying snare/tests/test_cloner_get_root_host.py -> build/lib/snare/tests
creating build/bdist.linux-x86_64
creating build/bdist.linux-x86_64/egg
creating build/bdist.linux-x86_64/egg/bin
copying build/lib/bin/__init__.py -> build/bdist.linux-x86_64/egg/bin
creating build/bdist.linux-x86_64/egg/snare
copying build/lib/snare/server.py -> build/bdist.linux-x86_64/egg/snare
copying build/lib/snare/tanner_handler.py -> build/bdist.linux-x86_64/egg/snare
copying build/lib/snare/__init__.py -> build/bdist.linux-x86_64/egg/snare
creating build/bdist.linux-x86_64/egg/snare/utils
copying build/lib/snare/utils/page_path_generator.py -> build/bdist.linux-x86_64/egg/snare/utils
copying build/lib/snare/utils/asyncmock.py -> build/bdist.linux-x86_64/egg/snare/utils
copying build/lib/snare/utils/__init__.py -> build/bdist.linux-x86_64/egg/snare/utils
copying build/lib/snare/utils/snare_helpers.py -> build/bdist.linux-x86_64/egg/snare/utils
copying build/lib/snare/utils/logger.py -> build/bdist.linux-x86_64/egg/snare/utils
copying build/lib/snare/middlewares.py -> build/bdist.linux-x86_64/egg/snare
copying build/lib/snare/cloner.py -> build/bdist.linux-x86_64/egg/snare
creating build/bdist.linux-x86_64/egg/snare/tests
copying build/lib/snare/tests/test_snare_helpers_converter.py -> build/bdist.linux-x86_64/egg/snare/tests
copying build/lib/snare/tests/test_server_stop.py -> build/bdist.linux-x86_64/egg/snare/tests
copying build/lib/snare/tests/test_snare_helpers_parse_timeout.py -> build/bdist.linux-x86_64/egg/snare/tests
copying build/lib/snare/tests/test_cloner_run.py -> build/bdist.linux-x86_64/egg/snare/tests
copying build/lib/snare/tests/test_tanner_handler_parse_tanner_response.py -> build/bdist.linux-x86_64/egg/snare/tests
copying build/lib/snare/tests/test_tanner_handler_create_data.py -> build/bdist.linux-x86_64/egg/snare/tests
copying build/lib/snare/tests/test_cloner_get_body.py -> build/bdist.linux-x86_64/egg/snare/tests
copying build/lib/snare/tests/test_cloner_make_filename.py -> build/bdist.linux-x86_64/egg/snare/tests
copying build/lib/snare/tests/test_middleware.py -> build/bdist.linux-x86_64/egg/snare/tests
copying build/lib/snare/tests/test_snare_helpers_versions_manager.py -> build/bdist.linux-x86_64/egg/snare/tests
copying build/lib/snare/tests/test_tanner_handler_submit_data.py -> build/bdist.linux-x86_64/egg/snare/tests
copying build/lib/snare/tests/test_server_handle_request.py -> build/bdist.linux-x86_64/egg/snare/tests
copying build/lib/snare/tests/test_html_handler_handle_html_content.py -> build/bdist.linux-x86_64/egg/snare/tests
copying build/lib/snare/tests/test_snare_helpers_check_meta_file.py -> build/bdist.linux-x86_64/egg/snare/tests
copying build/lib/snare/tests/__init__.py -> build/bdist.linux-x86_64/egg/snare/tests
copying build/lib/snare/tests/test_snare_helpers_check_privileges.py -> build/bdist.linux-x86_64/egg/snare/tests
copying build/lib/snare/tests/test_cloner_process_links.py -> build/bdist.linux-x86_64/egg/snare/tests
copying build/lib/snare/tests/test_logger.py -> build/bdist.linux-x86_64/egg/snare/tests
copying build/lib/snare/tests/test_cloner_init.py -> build/bdist.linux-x86_64/egg/snare/tests
copying build/lib/snare/tests/test_snare_helpers_print_color.py -> build/bdist.linux-x86_64/egg/snare/tests
copying build/lib/snare/tests/test_snare_helpers_str_to_bool.py -> build/bdist.linux-x86_64/egg/snare/tests
copying build/lib/snare/tests/test_html_handler_get_dorks.py -> build/bdist.linux-x86_64/egg/snare/tests
copying build/lib/snare/tests/test_cloner_replace_links.py -> build/bdist.linux-x86_64/egg/snare/tests
copying build/lib/snare/tests/test_snare_helpers_add_meta_tag.py -> build/bdist.linux-x86_64/egg/snare/tests
copying build/lib/snare/tests/test_cloner_add_scheme.py -> build/bdist.linux-x86_64/egg/snare/tests
copying build/lib/snare/tests/test_cloner_get_root_host.py -> build/bdist.linux-x86_64/egg/snare/tests
copying build/lib/snare/html_handler.py -> build/bdist.linux-x86_64/egg/snare
byte-compiling build/bdist.linux-x86_64/egg/bin/__init__.py to __init__.cpython-37.pyc
byte-compiling build/bdist.linux-x86_64/egg/snare/server.py to server.cpython-37.pyc
byte-compiling build/bdist.linux-x86_64/egg/snare/tanner_handler.py to tanner_handler.cpython-37.pyc
byte-compiling build/bdist.linux-x86_64/egg/snare/__init__.py to __init__.cpython-37.pyc
byte-compiling build/bdist.linux-x86_64/egg/snare/utils/page_path_generator.py to page_path_generator.cpython-37.pyc
byte-compiling build/bdist.linux-x86_64/egg/snare/utils/asyncmock.py to asyncmock.cpython-37.pyc
byte-compiling build/bdist.linux-x86_64/egg/snare/utils/__init__.py to __init__.cpython-37.pyc
byte-compiling build/bdist.linux-x86_64/egg/snare/utils/snare_helpers.py to snare_helpers.cpython-37.pyc
byte-compiling build/bdist.linux-x86_64/egg/snare/utils/logger.py to logger.cpython-37.pyc
byte-compiling build/bdist.linux-x86_64/egg/snare/middlewares.py to middlewares.cpython-37.pyc
byte-compiling build/bdist.linux-x86_64/egg/snare/cloner.py to cloner.cpython-37.pyc
byte-compiling build/bdist.linux-x86_64/egg/snare/tests/test_snare_helpers_converter.py to test_snare_helpers_converter.cpython-37.pyc
byte-compiling build/bdist.linux-x86_64/egg/snare/tests/test_server_stop.py to test_server_stop.cpython-37.pyc
byte-compiling build/bdist.linux-x86_64/egg/snare/tests/test_snare_helpers_parse_timeout.py to test_snare_helpers_parse_timeout.cpython-37.pyc
byte-compiling build/bdist.linux-x86_64/egg/snare/tests/test_cloner_run.py to test_cloner_run.cpython-37.pyc
byte-compiling build/bdist.linux-x86_64/egg/snare/tests/test_tanner_handler_parse_tanner_response.py to test_tanner_handler_parse_tanner_response.cpython-37.pyc
byte-compiling build/bdist.linux-x86_64/egg/snare/tests/test_tanner_handler_create_data.py to test_tanner_handler_create_data.cpython-37.pyc
byte-compiling build/bdist.linux-x86_64/egg/snare/tests/test_cloner_get_body.py to test_cloner_get_body.cpython-37.pyc
byte-compiling build/bdist.linux-x86_64/egg/snare/tests/test_cloner_make_filename.py to test_cloner_make_filename.cpython-37.pyc
byte-compiling build/bdist.linux-x86_64/egg/snare/tests/test_middleware.py to test_middleware.cpython-37.pyc
byte-compiling build/bdist.linux-x86_64/egg/snare/tests/test_snare_helpers_versions_manager.py to test_snare_helpers_versions_manager.cpython-37.pyc
byte-compiling build/bdist.linux-x86_64/egg/snare/tests/test_tanner_handler_submit_data.py to test_tanner_handler_submit_data.cpython-37.pyc
byte-compiling build/bdist.linux-x86_64/egg/snare/tests/test_server_handle_request.py to test_server_handle_request.cpython-37.pyc
byte-compiling build/bdist.linux-x86_64/egg/snare/tests/test_html_handler_handle_html_content.py to test_html_handler_handle_html_content.cpython-37.pyc
byte-compiling build/bdist.linux-x86_64/egg/snare/tests/test_snare_helpers_check_meta_file.py to test_snare_helpers_check_meta_file.cpython-37.pyc
byte-compiling build/bdist.linux-x86_64/egg/snare/tests/__init__.py to __init__.cpython-37.pyc
byte-compiling build/bdist.linux-x86_64/egg/snare/tests/test_snare_helpers_check_privileges.py to test_snare_helpers_check_privileges.cpython-37.pyc
byte-compiling build/bdist.linux-x86_64/egg/snare/tests/test_cloner_process_links.py to test_cloner_process_links.cpython-37.pyc
byte-compiling build/bdist.linux-x86_64/egg/snare/tests/test_logger.py to test_logger.cpython-37.pyc
byte-compiling build/bdist.linux-x86_64/egg/snare/tests/test_cloner_init.py to test_cloner_init.cpython-37.pyc
byte-compiling build/bdist.linux-x86_64/egg/snare/tests/test_snare_helpers_print_color.py to test_snare_helpers_print_color.cpython-37.pyc
byte-compiling build/bdist.linux-x86_64/egg/snare/tests/test_snare_helpers_str_to_bool.py to test_snare_helpers_str_to_bool.cpython-37.pyc
byte-compiling build/bdist.linux-x86_64/egg/snare/tests/test_html_handler_get_dorks.py to test_html_handler_get_dorks.cpython-37.pyc
byte-compiling build/bdist.linux-x86_64/egg/snare/tests/test_cloner_replace_links.py to test_cloner_replace_links.cpython-37.pyc
byte-compiling build/bdist.linux-x86_64/egg/snare/tests/test_snare_helpers_add_meta_tag.py to test_snare_helpers_add_meta_tag.cpython-37.pyc
byte-compiling build/bdist.linux-x86_64/egg/snare/tests/test_cloner_add_scheme.py to test_cloner_add_scheme.cpython-37.pyc
byte-compiling build/bdist.linux-x86_64/egg/snare/tests/test_cloner_get_root_host.py to test_cloner_get_root_host.cpython-37.pyc
byte-compiling build/bdist.linux-x86_64/egg/snare/html_handler.py to html_handler.cpython-37.pyc
creating build/bdist.linux-x86_64/egg/EGG-INFO
installing scripts to build/bdist.linux-x86_64/egg/EGG-INFO/scripts
running install_scripts
running build_scripts
creating build/scripts-3.7
copying and adjusting ./bin/snare -> build/scripts-3.7
copying and adjusting ./bin/clone -> build/scripts-3.7
changing mode of build/scripts-3.7/snare from 644 to 755
changing mode of build/scripts-3.7/clone from 644 to 755
creating build/bdist.linux-x86_64/egg/EGG-INFO/scripts
copying build/scripts-3.7/snare -> build/bdist.linux-x86_64/egg/EGG-INFO/scripts
copying build/scripts-3.7/clone -> build/bdist.linux-x86_64/egg/EGG-INFO/scripts
changing mode of build/bdist.linux-x86_64/egg/EGG-INFO/scripts/snare to 755
changing mode of build/bdist.linux-x86_64/egg/EGG-INFO/scripts/clone to 755
copying Snare.egg-info/PKG-INFO -> build/bdist.linux-x86_64/egg/EGG-INFO
copying Snare.egg-info/SOURCES.txt -> build/bdist.linux-x86_64/egg/EGG-INFO
copying Snare.egg-info/dependency_links.txt -> build/bdist.linux-x86_64/egg/EGG-INFO
copying Snare.egg-info/top_level.txt -> build/bdist.linux-x86_64/egg/EGG-INFO
zip_safe flag not set; analyzing archive contents...
creating dist
creating 'dist/Snare-0.3.0-py3.7.egg' and adding 'build/bdist.linux-x86_64/egg' to it
removing 'build/bdist.linux-x86_64/egg' (and everything under it)
Processing Snare-0.3.0-py3.7.egg
Copying Snare-0.3.0-py3.7.egg to /usr/local/lib/python3.7/site-packages
Adding Snare 0.3.0 to easy-install.pth file
Installing clone script to /usr/local/bin
Installing snare script to /usr/local/bin

Installed /usr/local/lib/python3.7/site-packages/Snare-0.3.0-py3.7.egg
Processing dependencies for Snare==0.3.0
Finished processing dependencies for Snare==0.3.0
