go: downloading golang.org/x/net v0.38.0
go: downloading github.com/urfave/cli/v2 v2.25.7
go: downloading github.com/andybalholm/brotli v1.1.1
go: downloading github.com/tdewolff/minify/v2 v2.23.8
go: downloading github.com/cpuguy83/go-md2man/v2 v2.0.2
go: downloading github.com/xrash/smetrics v0.0.0-20201216005158-039620a65673
go: downloading github.com/tdewolff/parse/v2 v2.8.1
go: downloading github.com/russross/blackfriday/v2 v2.1.0
go: downloading golang.org/x/text v0.23.0
2025/07/04 15:24:46 Loading cert from /certs/cert.pem
2025/07/04 15:24:46 Loading key from /certs/key.pem
2025/07/04 15:24:46 Loading archive file from /archive/archive.wprgo
2025/07/04 15:24:46 Opened archive /archive/archive.wprgo
2025/07/04 15:24:46 Loading script from deterministic.js
2025/07/04 15:24:46 Use Ctrl-C to exit.
2025/07/04 15:24:46 Starting server on http://[::]:8080
2025/07/04 15:24:46 Starting server on https://[::]:8081
2025/07/04 15:25:11 ServeHTTP(http://clients2.google.com/time/1/current?cup2key=9:sqq9RNypw8oAVSfAQfo78ZlEKh4XbEZOiSn5yRuY6yY&cup2hreq=e3b0c44298fc1c149afbf4c8996fb92427ae41e4649b934ca495991b7852b855): couldn't find matching request: not found
2025/07/04 15:25:11 http: TLS handshake error from 172.17.0.1:47372: EOF
2025/07/04 15:25:14 ServeHTTP(https://clientservices.googleapis.com/chrome-variations/seed?osname=linux&channel=stable&milestone=137): couldn't find matching request: not found
2025/07/04 15:25:14 ServeHTTP(https://accounts.google.com/ListAccounts?gpsia=1&source=ChromiumBrowser&json=standard): serving 200 response
2025/07/04 15:25:14 ServeHTTP(https://clients2.google.com/service/update2/crx?os=linux&arch=x64&os_arch=x86_64&nacl_arch=x86-64&prod=chromecrx&prodchannel=&prodversion=137.0.7151.68&lang=en-US&acceptformat=crx3,puff&x=id%3Dnmmhkkegccagdldgiimedpiccmgmieda%26v%3D0.0.0.0%26installedby%3Dother%26uc%26ping%3Dr%253D-1%2526e%253D1): couldn't find matching request: not found
2025/07/04 15:25:14 ServeHTTP(https://redirector.gvt1.com/edgedl/chrome/dict/en-us-10-1.bdic): couldn't find matching request: not found
2025/07/04 15:25:14 ScriptInjector(https://tma.ifip.org/): succesfully injected
2025/07/04 15:25:15 ServeHTTP(https://tma.ifip.org/): serving 200 response
2025/07/04 15:25:16 ServeHTTP(https://optimizationguide-pa.googleapis.com/v1:GetModels?key=AIzaSyBqJZh-7pA44blAaAkH6490hUFOwX0KCYM): couldn't find matching request: not found
2025/07/04 15:25:21 ScriptInjector(https://tma.ifip.org/2025/): succesfully injected
2025/07/04 15:25:21 ServeHTTP(https://tma.ifip.org/2025/): serving 200 response
2025/07/04 15:25:22 ServeHTTP(https://tma.ifip.org/2025/wp-content/uploads/sites/14/2022/05/Comcast_M_COLOR_BLK-300x106.jpg): couldn't find matching request: not found
