go: downloading github.com/urfave/cli/v2 v2.25.7
go: downloading golang.org/x/net v0.36.0
go: downloading github.com/tdewolff/minify/v2 v2.23.8
go: downloading github.com/cpuguy83/go-md2man/v2 v2.0.2
go: downloading github.com/xrash/smetrics v0.0.0-20201216005158-039620a65673
go: downloading github.com/tdewolff/parse/v2 v2.8.1
go: downloading golang.org/x/text v0.22.0
go: downloading github.com/russross/blackfriday/v2 v2.1.0
2025/06/18 14:51:06 Loading cert from /workdir/cert.pem
2025/06/18 14:51:06 Loading key from /workdir/key.pem
2025/06/18 14:51:06 Loading archive file from /workdir/archive.wprgo
2025/06/18 14:51:07 Opened archive /workdir/archive.wprgo
2025/06/18 14:51:07 Loading script from deterministic.js
2025/06/18 14:51:07 Use Ctrl-C to exit.
2025/06/18 14:51:07 Starting server on https://[::]:8081
2025/06/18 14:51:07 Starting server on http://[::]:8080
2025/06/18 14:52:32 ServeHTTP(http://clients2.google.com/time/1/current?cup2key=9:XfIx6oSKEoFwSdUDCaAqp2ZUxwN-PkYP8gKYkjBcQUM&cup2hreq=e3b0c44298fc1c149afbf4c8996fb92427ae41e4649b934ca495991b7852b855): couldn't find matching request: not found
2025/06/18 14:52:32 http: TLS handshake error from 172.17.0.1:58214: EOF
2025/06/18 14:52:36 ServeHTTP(https://redirector.gvt1.com/edgedl/chrome/dict/en-us-10-1.bdic): couldn't find matching request: not found
2025/06/18 14:52:36 ServeHTTP(https://optimizationguide-pa.googleapis.com/v1:GetModels?key=AIzaSyBqJZh-7pA44blAaAkH6490hUFOwX0KCYM): couldn't find matching request: not found
2025/06/18 14:52:36 ServeHTTP(https://clientservices.googleapis.com/chrome-variations/seed?osname=linux&channel=stable&milestone=137): couldn't find matching request: not found
2025/06/18 14:52:36 ServeHTTP(https://clients2.google.com/service/update2/crx?os=linux&arch=x64&os_arch=x86_64&nacl_arch=x86-64&prod=chromecrx&prodchannel=&prodversion=137.0.7151.68&lang=en-US&acceptformat=crx3,puff&x=id%3Dnmmhkkegccagdldgiimedpiccmgmieda%26v%3D0.0.0.0%26installedby%3Dother%26uc%26ping%3Dr%253D-1%2526e%253D1): couldn't find matching request: not found
2025/06/18 14:52:36 ServeHTTP(https://accounts.google.com/ListAccounts?gpsia=1&source=ChromiumBrowser&json=standard): serving 200 response
2025/06/18 14:52:36 ScriptInjector(https://grafana.com/): succesfully injected
2025/06/18 14:52:36 ServeHTTP(https://grafana.com/): serving 200 response
2025/06/18 14:52:38 ServeHTTP(https://grafana.com/web/fonts/inter.css): serving 200 response
2025/06/18 14:52:38 ServeHTTP(https://grafana.com/web/fonts/outfit.css): serving 200 response
2025/06/18 14:52:38 ServeHTTP(https://grafana.com/web/fonts/poppins.css): serving 200 response
2025/06/18 14:52:38 ServeHTTP(https://grafana.com/web/app.min.css): serving 200 response
2025/06/18 14:52:38 ServeHTTP(https://grafana.com/web/shared.min.css): serving 200 response
2025/06/18 14:52:38 ServeHTTP(https://grafana.com/web/fonts/font-awesome/css/font-awesome.min.css): serving 200 response
2025/06/18 14:52:38 ServeHTTP(https://grafana.com/web/fonts/dm-sans.css): serving 200 response
2025/06/18 14:52:38 ServeHTTP(https://grafana.com/web/tw-styles.min.css): serving 200 response
2025/06/18 14:52:38 ServeHTTP(https://grafana.com/media/images/graphics/grafana-graphic-periodic-o11y-table-2_1584x837.png): serving 200 response
2025/06/18 14:52:38 ServeHTTP(https://grafana.com/web/themes.min.css): serving 200 response
2025/06/18 14:52:38 ServeHTTP(https://grafana.com/media/images/graphics/grafana-graphic-magic-hat_1584x837.png): serving 200 response
2025/06/18 14:52:38 ServeHTTP(https://grafana.com/at.js): serving 200 response
2025/06/18 14:52:40 ServeHTTP(https://grafana.com/media/images/graphics/grafana-graphic-dashboard-concept_1584x837.png): serving 200 response
2025/06/18 14:52:40 ServeHTTP(https://grafana.com/web/banner.5719f285e8a67d681acba48317dde80a99c6ee568b21693b0aa0b1c561d3d175.js): serving 200 response
2025/06/18 14:52:40 ServeHTTP(https://grafana.com/web/faro.7a7db6e85efe0e7b8853cdd34313aaca9edd1100a015edaa102d54f1f487185a.js): serving 200 response
2025/06/18 14:52:40 ServeHTTP(https://optimizationguide-pa.googleapis.com/v1:GetModels?key=AIzaSyBqJZh-7pA44blAaAkH6490hUFOwX0KCYM): couldn't find matching request: not found
2025/06/18 14:52:40 ServeHTTP(https://grafana.com/static/img/grot-chat-3.svg): serving 200 response
2025/06/18 14:52:40 ServeHTTP(https://grafana.com/media/home/hero/icons/grafana-icon-tone-serious_21x21.png): serving 200 response
2025/06/18 14:52:40 ServeHTTP(https://grafana.com/web/app.ee05e03efc9ffa0d6dbdf4f4610ae23d2e43863f529b629f7260c4e62f487ce9.js): serving 200 response
2025/06/18 14:52:40 ServeHTTP(https://grafana.com/media/home/hero/icons/grafana-icon-tone-fun_21x21.png): serving 200 response
2025/06/18 14:52:40 ServeHTTP(https://grafana.com/web/shared.061a61b1c9eb1a5d0a7b56da27c3d71f1cad8838128be595ce532371fa018ade.js): serving 200 response
2025/06/18 14:52:40 ServeHTTP(https://grafana.com/media/home/diagram/logo-block.png): serving 200 response
2025/06/18 14:52:40 ServeHTTP(https://grafana.com/media/home/diagram/incident-icon.svg): serving 200 response
2025/06/18 14:52:40 ServeHTTP(https://grafana.com/media/home/diagram/arrow-gray.svg): serving 200 response
2025/06/18 14:52:40 ServeHTTP(https://grafana.com/media/home/diagram/arrow-transfer.svg): serving 200 response
2025/06/18 14:52:40 ServeHTTP(https://grafana.com/media/home/diagram/data-visualization-icon-black.svg): serving 200 response
2025/06/18 14:52:40 ServeHTTP(https://grafana.com/media/home/diagram/data-transfer-v2.svg): serving 200 response
2025/06/18 14:52:40 ServeHTTP(https://grafana.com/media/home/diagram/key-capabilities-icon.svg): serving 200 response
2025/06/18 14:52:40 ServeHTTP(https://grafana.com/media/home/diagram/building-blocks-icon.svg): serving 200 response
2025/06/18 14:52:40 ServeHTTP(https://grafana.com/media/home/diagram/logo-data-visualization.svg): serving 200 response
2025/06/18 14:52:40 ServeHTTP(https://grafana.com/media/docs/k6/GrafanaLogo_k6_orange_icon.svg): serving 200 response
2025/06/18 14:52:40 ServeHTTP(https://grafana.com/media/home/diagram/testing-icon.svg): serving 200 response
2025/06/18 14:52:40 ServeHTTP(https://grafana.com/media/docs/grafana-cloud/synthetic-monitoring/synthetic-monitoring-orange-icon.svg): serving 200 response
2025/06/18 14:52:40 ServeHTTP(https://grafana.com/media/home/diagram/logo-cost-management.svg): serving 200 response
2025/06/18 14:52:40 ServeHTTP(https://grafana.com/media/home/diagram/logo-AI-ML-insights.svg): serving 200 response
2025/06/18 14:52:40 ServeHTTP(https://grafana.com/media/home/diagram/logo-security.svg): serving 200 response
2025/06/18 14:52:40 ServeHTTP(https://grafana.com/media/docs/grafana-cloud/asserts/asserts-icon.svg): serving 200 response
2025/06/18 14:52:40 ServeHTTP(https://grafana.com/media/home/diagram/logo-configuration.svg): serving 200 response
2025/06/18 14:52:40 ServeHTTP(https://grafana.com/media/docs/grafana-cloud/frontend-observability/faro-icon.svg): serving 200 response
2025/06/18 14:52:40 ServeHTTP(https://grafana.com/static/img/menu/loki.svg): serving 200 response
2025/06/18 14:52:40 ServeHTTP(https://grafana.com/static/img/menu/application-observability.svg): serving 200 response
2025/06/18 14:52:40 ServeHTTP(https://grafana.com/media/home/diagram/logo-infrastructure.svg): serving 200 response
2025/06/18 14:52:40 ServeHTTP(https://grafana.com/static/img/pyroscope-logo.svg): serving 200 response
2025/06/18 14:52:40 ServeHTTP(https://grafana.com/media/docs/grafana-cloud/alerting-and-irm/grafana-icon-slo.svg): serving 200 response
2025/06/18 14:52:40 ServeHTTP(https://grafana.com/static/img/menu/grafana2.svg): serving 200 response
2025/06/18 14:52:40 ServeHTTP(https://grafana.com/media/docs/grafana-cloud/alerting-and-irm/grafana-icon-oncall.svg): serving 200 response
2025/06/18 14:52:40 ServeHTTP(https://grafana.com/media/home/diagram/observability-icon.svg): serving 200 response
2025/06/18 14:52:40 ServeHTTP(https://grafana.com/static/img/icons/blog-icon.svg): serving 200 response
2025/06/18 14:52:40 ServeHTTP(https://grafana.com/static/assets/img/icons/grafana-icon-alerting-orange-sm.svg): serving 200 response
2025/06/18 14:52:40 ServeHTTP(https://grafana.com/media/docs/grafana-cloud/alerting-and-irm/grafana-icon-incident.svg): serving 200 response
2025/06/18 14:52:40 ServeHTTP(https://grafana.com/static/img/menu/grafana-tempo.svg): serving 200 response
2025/06/18 14:52:40 ServeHTTP(https://grafana.com/static/img/logos/logo-mimir.svg): serving 200 response
2025/06/18 14:52:41 ServeHTTP(https://grafana.com/web/fonts/inter/inter-v3-latin-regular.woff2): serving 200 response
2025/06/18 14:52:41 ServeHTTP(https://grafana.com/static/img/icons/icon-check-green.svg): serving 200 response
2025/06/18 14:52:41 ServeHTTP(https://grafana.com/media/home/diagram/data-visualization-bg.png): serving 200 response
2025/06/18 14:52:42 ServeHTTP(https://grafana.com/web/fonts/outfit/Outfit-Medium.woff2): serving 200 response
2025/06/18 14:52:42 ServeHTTP(https://grafana.com/web/fonts/inter/inter-v3-latin-600.woff2): serving 200 response
2025/06/18 14:52:42 ServeHTTP(https://grafana.com/web/fonts/outfit/Outfit-SemiBold.woff2): serving 200 response
2025/06/18 14:52:42 ServeHTTP(https://grafana.com/web/fonts/inter/inter-v3-latin-500.woff2): serving 200 response
2025/06/18 14:52:42 ServeHTTP(https://grafana.com/web/fonts/outfit/Outfit-Regular.woff2): serving 200 response
2025/06/18 14:52:42 ServeHTTP(https://grafana.com/media/home/workflows/workflow_blur_4.png): serving 200 response
2025/06/18 14:52:42 ServeHTTP(https://grafana.com/media/home/workflows/workflow_blur_5.png): serving 200 response
2025/06/18 14:52:42 ServeHTTP(https://grafana.com/media/home/workflows/workflow_blur_6.png): serving 200 response
2025/06/18 14:52:43 ServeHTTP(https://grafana.com/web/fonts/font-awesome/fonts/fontawesome-webfont.woff2?v=4.7.0): serving 200 response
2025/06/18 14:52:44 ServeHTTP(https://player.vimeo.com/progressive_redirect/playback/561360326/rendition/720p/file.mp4?loc=external&signature=f3bc1da052bc98f1ddf0faa2e68edb8256c8680a1505f72916d8fd98381f9086): serving 302 response
2025/06/18 14:52:44 ServeHTTP(https://vod-progressive-ak.vimeocdn.com/exp=1750261532~acl=%2Fvimeo-prod-skyfire-std-us%2F01%2F2272%2F22%2F561360326%2F2654687008.mp4~hmac=aa02d1f7ef743d68fd29b95913bbc9cb341b69200fdcc790d2df41ebcb6a90ec/vimeo-prod-skyfire-std-us/01/2272/22/561360326/2654687008.mp4?filename=file.mp4): serving 206 response
2025/06/18 14:52:45 ServeHTTP(https://grafana.com/api/profile): serving 200 response
2025/06/18 14:52:45 ServeHTTP(https://grafana.com/connect/af1fca71911a9641ebdffddb56889e97): serving 202 response
2025/06/18 14:52:45 ServeHTTP(https://grafana.com/media/events/obscon/2025/grafana-obscon2025-promo-logo-black.svg): serving 200 response
2025/06/18 14:52:45 ServeHTTP(https://grafana.com/static/assets/img/icons/grafana-play-icon.svg): serving 200 response
2025/06/18 14:52:45 ServeHTTP(https://grafana.com/static/img/grafana/showcase_visualize.jpg): serving 200 response
2025/06/18 14:52:45 ServeHTTP(https://content-autofill.googleapis.com/v1/pages/ChRDaHJvbWUvMTM3LjAuNzE1MS42OBIZCSH2C75dNf8SEgUNg6hbPSGHBr9Dzxw59RIgCbyNWrM3mDg3EgUNkWGVThIFDZFhlU4hgBpfcqEq2As=?alt=proto): couldn't find matching request: not found
2025/06/18 14:52:45 ServeHTTP(https://grafana.com/canspam): serving 403 response
2025/06/18 14:52:45 ServeHTTP(https://grafana.com/connect/af1fca71911a9641ebdffddb56889e97): serving 202 response
2025/06/18 14:52:45 ServeHTTP(https://grafana.com/static/assets/img/fav32.png): serving 200 response
2025/06/18 14:52:48 ServeHTTP(https://grafana.com/connect/af1fca71911a9641ebdffddb56889e97): serving 202 response
2025/06/18 14:52:48 ServeHTTP(https://grafana.com/media/images/logos/logo-delltechnologies-mono-v2.svg): serving 200 response
2025/06/18 14:52:48 ServeHTTP(https://grafana.com/media/images/logos/atlassian-logo-vert.svg): serving 200 response
2025/06/18 14:52:48 ServeHTTP(https://grafana.com/media/images/logos/logo-optum-mono-v2.svg): serving 200 response
2025/06/18 14:52:48 ServeHTTP(https://grafana.com/media/images/logos/logo-sky-mono-v2.svg): serving 200 response
2025/06/18 14:52:48 ServeHTTP(https://grafana.com/media/images/logos/logo-asos-mono-v2.svg): serving 200 response
2025/06/18 14:52:48 ServeHTTP(https://grafana.com/media/images/logos/roblox-logo-mono.svg): serving 200 response
2025/06/18 14:52:48 ServeHTTP(https://grafana.com/media/images/logos/logo-kushi-mono-v2.svg): serving 200 response
2025/06/18 14:52:48 ServeHTTP(https://grafana.com/media/images/logos/logo-DHLexpress-mono-v2.svg): serving 200 response
2025/06/18 14:52:51 ServeHTTP(https://grafana.com/media/images/logos/logo-wellsfargo-mono-v2.svg): serving 200 response
2025/06/18 14:53:18 ServeHTTP(https://clientservices.googleapis.com/uma/v2): couldn't find matching request: not found
2025/06/18 14:53:19 ServeHTTP(https://www.google.com/complete/search?client=chrome-omni&gs_ri=chrome-ext-ansg&xssi=t&q=&oit=0&gs_rn=42&sugkey=AIzaSyBqJZh-7pA44blAaAkH6490hUFOwX0KCYM): couldn't find matching request: not found
2025/06/18 14:53:23 ServeHTTP(https://grafana.com/ABOUT): couldn't find matching request: not found
2025/06/18 14:53:25 ServeHTTP(https://www.google.com/complete/search?client=chrome-omni&gs_ri=chrome-ext-ansg&xssi=t&q=&oit=0&gs_rn=42&sugkey=AIzaSyBqJZh-7pA44blAaAkH6490hUFOwX0KCYM): couldn't find matching request: not found
2025/06/18 14:53:30 ServeHTTP(https://grafana.com/about): couldn't find matching request: not found
2025/06/18 14:53:31 ServeHTTP(https://update.googleapis.com/service/update2/json?cup2key=15:cKwzEXMz8eX8jSCd9MVTbsBGqKdswXwCfAIkradlwcM&cup2hreq=d3b2be621d7d864e3bd371c99d93ea1871eb2b886755b1a6e3c64fe00e05df10): couldn't find matching request: not found
2025/06/18 14:53:31 ServeHTTP(http://update.googleapis.com/service/update2/json?cup2key=15:DNZxhAynEbXpIPIBso0Qwy6JtLO6Tou_ZOiKmu9OXZU&cup2hreq=5b555940cebcaa59b04c27a5f6fc675c021085f5d80e956407c6f2bc3ac469d2): couldn't find matching request: not found
2025/06/18 14:53:33 ServeHTTP(https://www.google.com/complete/search?client=chrome-omni&gs_ri=chrome-ext-ansg&xssi=t&q=&oit=0&gs_rn=42&sugkey=AIzaSyBqJZh-7pA44blAaAkH6490hUFOwX0KCYM): couldn't find matching request: not found
2025/06/18 14:53:34 ServeHTTP(https://safebrowsingohttpgateway.googleapis.com/v1/ohttp/hpkekeyconfig?key=AIzaSyBqJZh-7pA44blAaAkH6490hUFOwX0KCYM): couldn't find matching request: not found
2025/06/18 14:53:38 ServeHTTP(https://grafana.com/about/careers): couldn't find matching request: not found
2025/06/18 14:53:52 ServeHTTP(https://www.google.com/complete/search?client=chrome-omni&gs_ri=chrome-ext-ansg&xssi=t&q=&oit=0&gs_rn=42&sugkey=AIzaSyBqJZh-7pA44blAaAkH6490hUFOwX0KCYM): couldn't find matching request: not found
2025/06/18 14:53:54 ScriptInjector(https://grafana.com/about/careers/?plcmt=mobile-nav&cta=career): succesfully injected
2025/06/18 14:53:54 ServeHTTP(https://grafana.com/about/careers/?plcmt=mobile-nav&cta=career): serving 200 response
2025/06/18 14:53:54 ServeHTTP(https://grafana.com/web/fonts/inter.css): serving 200 response
2025/06/18 14:53:54 ServeHTTP(https://grafana.com/web/fonts/outfit.css): serving 200 response
2025/06/18 14:53:54 ServeHTTP(https://grafana.com/web/fonts/font-awesome/css/font-awesome.min.css): serving 200 response
2025/06/18 14:53:54 ServeHTTP(https://grafana.com/web/fonts/poppins.css): serving 200 response
2025/06/18 14:53:54 ServeHTTP(https://grafana.com/web/fonts/dm-sans.css): serving 200 response
2025/06/18 14:53:54 ServeHTTP(https://grafana.com/web/app.min.css): serving 200 response
2025/06/18 14:53:54 ServeHTTP(https://grafana.com/web/shared.min.css): serving 200 response
2025/06/18 14:53:54 ServeHTTP(https://grafana.com/web/tw-styles.min.css): serving 200 response
2025/06/18 14:53:54 ServeHTTP(https://grafana.com/web/themes.min.css): serving 200 response
2025/06/18 14:53:54 ServeHTTP(https://grafana.com/media/about/careers/crn-logo.svg): serving 200 response
2025/06/18 14:53:54 ServeHTTP(https://grafana.com/media/about/careers/gartner-magic-quadrant.png): serving 200 response
2025/06/18 14:53:54 ServeHTTP(https://grafana.com/web/faro.7a7db6e85efe0e7b8853cdd34313aaca9edd1100a015edaa102d54f1f487185a.js): serving 200 response
2025/06/18 14:53:54 ServeHTTP(https://grafana.com/web/banner.5719f285e8a67d681acba48317dde80a99c6ee568b21693b0aa0b1c561d3d175.js): serving 200 response
2025/06/18 14:53:54 ServeHTTP(https://grafana.com/media/about/careers/forbes-logo.svg): serving 200 response
2025/06/18 14:53:54 ServeHTTP(https://grafana.com/web/app.ee05e03efc9ffa0d6dbdf4f4610ae23d2e43863f529b629f7260c4e62f487ce9.js): serving 200 response
2025/06/18 14:53:54 ServeHTTP(https://grafana.com/web/shared.061a61b1c9eb1a5d0a7b56da27c3d71f1cad8838128be595ce532371fa018ade.js): serving 200 response
2025/06/18 14:53:54 ServeHTTP(https://grafana.com/web/fonts/outfit/Outfit-SemiBold.woff2): serving 200 response
2025/06/18 14:53:54 ServeHTTP(https://grafana.com/web/fonts/inter/inter-v3-latin-regular.woff2): serving 200 response
2025/06/18 14:53:54 ServeHTTP(https://grafana.com/web/fonts/inter/inter-v3-latin-500.woff2): serving 200 response
2025/06/18 14:53:54 ServeHTTP(https://grafana.com/web/fonts/outfit/Outfit-Regular.woff2): serving 200 response
2025/06/18 14:53:54 ServeHTTP(https://grafana.com/web/fonts/inter/inter-v3-latin-600.woff2): serving 200 response
2025/06/18 14:53:54 ServeHTTP(https://grafana.com/web/fonts/font-awesome/fonts/fontawesome-webfont.woff2?v=4.7.0): serving 200 response
2025/06/18 14:53:54 ServeHTTP(https://grafana.com/api/profile): serving 200 response
2025/06/18 14:53:54 ServeHTTP(https://content-autofill.googleapis.com/v1/pages/ChRDaHJvbWUvMTM3LjAuNzE1MS42OBIZCSH2C75dNf8SEgUNg6hbPSFOazcmSSKFmxIZCR8iC-xod5RREgUNkWGVTiFPkFyhmp0-Ig==?alt=proto): couldn't find matching request: not found
2025/06/18 14:53:54 ServeHTTP(https://grafana.com/connect/af1fca71911a9641ebdffddb56889e97): serving 202 response
2025/06/18 14:53:54 ServeHTTP(https://grafana.com/canspam): serving 403 response
2025/06/18 14:53:55 ServeHTTP(https://grafana.com/connect/af1fca71911a9641ebdffddb56889e97): serving 202 response
2025/06/18 14:53:56 ServeHTTP(https://grafana.com/connect/af1fca71911a9641ebdffddb56889e97): serving 202 response
2025/06/18 14:54:08 ScriptInjector(https://grafana.com/solutions/visualization/?plcmt=nav-solutions-cta3): succesfully injected
2025/06/18 14:54:08 ServeHTTP(https://grafana.com/solutions/visualization/?plcmt=nav-solutions-cta3): serving 200 response
2025/06/18 14:54:08 ServeHTTP(https://grafana.com/media/solutions/adobe-analytics/adobe-analytics-logo.svg): serving 200 response
2025/06/18 14:54:08 ServeHTTP(https://grafana.com/media/solutions/amazon-aurora/amazon-aurora-logo.png): serving 200 response
2025/06/18 14:54:08 ServeHTTP(https://grafana.com/web/fonts/inter.css): serving 200 response
2025/06/18 14:54:08 ServeHTTP(https://grafana.com/web/fonts/font-awesome/css/font-awesome.min.css): serving 200 response
2025/06/18 14:54:08 ServeHTTP(https://grafana.com/web/fonts/outfit.css): serving 200 response
2025/06/18 14:54:08 ServeHTTP(https://grafana.com/web/fonts/dm-sans.css): serving 200 response
2025/06/18 14:54:08 ServeHTTP(https://grafana.com/web/app.min.css): serving 200 response
2025/06/18 14:54:08 ServeHTTP(https://grafana.com/web/shared.min.css): serving 200 response
2025/06/18 14:54:08 ServeHTTP(https://grafana.com/web/tw-styles.min.css): serving 200 response
2025/06/18 14:54:08 ServeHTTP(https://grafana.com/web/themes.min.css): serving 200 response
2025/06/18 14:54:08 ServeHTTP(https://grafana.com/web/fonts/poppins.css): serving 200 response
2025/06/18 14:54:08 ServeHTTP(https://grafana.com/media/solutions/amazon-dynamodb/dynamodb-logo.png): serving 200 response
2025/06/18 14:54:08 ServeHTTP(https://grafana.com/api/plugins/dlopes7-appdynamics-datasource/versions/latest/logos/small): serving 200 response
2025/06/18 14:54:08 ServeHTTP(https://grafana.com/media/solutions/atlassian-statuspage/atlassian-statuspage-logo.svg): serving 200 response
2025/06/18 14:54:08 ServeHTTP(https://grafana.com/web/banner.5719f285e8a67d681acba48317dde80a99c6ee568b21693b0aa0b1c561d3d175.js): serving 200 response
2025/06/18 14:54:08 ServeHTTP(https://grafana.com/web/faro.7a7db6e85efe0e7b8853cdd34313aaca9edd1100a015edaa102d54f1f487185a.js): serving 200 response
2025/06/18 14:54:08 ServeHTTP(https://grafana.com/web/app.ee05e03efc9ffa0d6dbdf4f4610ae23d2e43863f529b629f7260c4e62f487ce9.js): serving 200 response
2025/06/18 14:54:08 ServeHTTP(https://grafana.com/web/shared.061a61b1c9eb1a5d0a7b56da27c3d71f1cad8838128be595ce532371fa018ade.js): serving 200 response
2025/06/18 14:54:08 ServeHTTP(https://grafana.com/static/assets/img/icons/grafana-icon-breadcrumb-arrow-gray.svg): serving 200 response
2025/06/18 14:54:08 ServeHTTP(https://grafana.com/media/solutions/azure-cosmos-db/azure-cosmos-db-logo-blue.jpg): serving 200 response
2025/06/18 14:54:08 ServeHTTP(https://grafana.com/media/solutions/catchpoint/catchpoint-logo.png): serving 200 response
2025/06/18 14:54:08 ServeHTTP(https://grafana.com/media/solutions/cloudflare-monitor/cloudflare-icon-2.png): serving 200 response
2025/06/18 14:54:08 ServeHTTP(https://grafana.com/media/solutions/cockroachdb/Cockroach_Labs_Logo.png): serving 200 response
2025/06/18 14:54:08 ServeHTTP(https://grafana.com/media/solutions/oracledb/Oracle-O-logo.png): serving 200 response
2025/06/18 14:54:08 ServeHTTP(https://grafana.com/api/plugins/grafana-salesforce-datasource/versions/1.0.0/logos/large): serving 200 response
2025/06/18 14:54:08 ServeHTTP(https://grafana.com/media/images/logos/logo-mongodb.svg): serving 200 response
2025/06/18 14:54:08 ServeHTTP(https://grafana.com/api/plugins/grafana-jira-datasource/versions/latest/logos/small): serving 200 response
2025/06/18 14:54:08 ServeHTTP(https://grafana.com/media/solutions/netlify/netlify-logo.svg): serving 200 response
2025/06/18 14:54:08 ServeHTTP(https://grafana.com/media/solutions/databricks/databricks-logo.png): serving 200 response
2025/06/18 14:54:08 ServeHTTP(https://grafana.com/media/solutions/dynatrace/dynatrace-icon.png): serving 200 response
2025/06/18 14:54:08 ServeHTTP(https://grafana.com/static/img/logos/gitlab.svg): serving 200 response
2025/06/18 14:54:08 ServeHTTP(https://grafana.com/api/plugins/grafana-datadog-datasource/versions/latest/logos/small): serving 200 response
2025/06/18 14:54:08 ServeHTTP(https://grafana.com/static/img/logos/honeycomb-lg.png): serving 200 response
2025/06/18 14:54:08 ServeHTTP(https://grafana.com/media/solutions/pagerduty/pagerduty-logo.png): serving 200 response
2025/06/18 14:54:08 ServeHTTP(https://grafana.com/static/img/logos/newrelic.svg): serving 200 response
2025/06/18 14:54:08 ServeHTTP(https://grafana.com/media/images/logos/sap.png): serving 200 response
2025/06/18 14:54:08 ServeHTTP(https://grafana.com/media/solutions/splunk/Splunk-logo-2square.png): serving 200 response
2025/06/18 14:54:08 ServeHTTP(https://grafana.com/media/solutions/sumo-logic/sumologic-logo.svg): serving 200 response
2025/06/18 14:54:08 ServeHTTP(https://grafana.com/api/plugins/grafana-vercel-datasource/versions/0.0.2-preview/logos/large): serving 200 response
2025/06/18 14:54:08 ServeHTTP(https://grafana.com/api/plugins/grafana-servicenow-datasource/versions/latest/logos/small): serving 200 response
2025/06/18 14:54:08 ServeHTTP(https://grafana.com/static/img/logos/wavefront-logo-lg.png): serving 200 response
2025/06/18 14:54:08 ServeHTTP(https://grafana.com/static/img/logos/snowflake-logo-lg.png): serving 200 response
2025/06/18 14:54:08 ServeHTTP(https://grafana.com/api/plugins/grafana-splunk-datasource/versions/latest/logos/small): serving 200 response
2025/06/18 14:54:09 ServeHTTP(https://grafana.com/media/solutions/solutions-bg-2.png): serving 200 response
2025/06/18 14:54:09 ServeHTTP(https://grafana.com/web/fonts/outfit/Outfit-Regular.woff2): serving 200 response
2025/06/18 14:54:09 ServeHTTP(https://grafana.com/web/fonts/font-awesome/fonts/fontawesome-webfont.woff2?v=4.7.0): serving 200 response
2025/06/18 14:54:09 ServeHTTP(https://grafana.com/web/fonts/inter/inter-v3-latin-regular.woff2): serving 200 response
2025/06/18 14:54:09 ServeHTTP(https://grafana.com/web/fonts/inter/inter-v3-latin-500.woff2): serving 200 response
2025/06/18 14:54:09 ServeHTTP(https://grafana.com/web/fonts/inter/inter-v3-latin-600.woff2): serving 200 response
2025/06/18 14:54:09 ServeHTTP(https://grafana.com/web/fonts/outfit/Outfit-Medium.woff2): serving 200 response
2025/06/18 14:54:09 ServeHTTP(https://grafana.com/api/profile): serving 200 response
2025/06/18 14:54:09 ServeHTTP(https://content-autofill.googleapis.com/v1/pages/ChRDaHJvbWUvMTM3LjAuNzE1MS42OBIZCSH2C75dNf8SEgUNg6hbPSGAGOLxx6ProxIgCbyNWrM3mDg3EgUNkWGVThIFDZFhlU4hel2IrAaW4Po=?alt=proto): couldn't find matching request: not found
2025/06/18 14:54:09 ServeHTTP(https://grafana.com/canspam): serving 403 response
2025/06/18 14:54:09 ServeHTTP(https://grafana.com/connect/af1fca71911a9641ebdffddb56889e97): serving 202 response
2025/06/18 14:54:09 ServeHTTP(https://grafana.com/connect/af1fca71911a9641ebdffddb56889e97): serving 202 response
2025/06/18 14:54:10 ServeHTTP(https://grafana.com/connect/af1fca71911a9641ebdffddb56889e97): serving 202 response
2025/06/18 14:54:29 ServeHTTP(https://grafana.com/api/plugins/mobile-nav): serving 404 response
2025/06/18 14:54:29 ServeHTTP(https://grafana.com/favicon.ico): couldn't find matching request: not found
2025/06/18 14:54:29 ServeHTTP(https://beacons.gcp.gvt2.com/domainreliability/upload): couldn't find matching request: not found
2025/06/18 14:54:34 ServeHTTP(https://safebrowsingohttpgateway.googleapis.com/v1/ohttp/hpkekeyconfig?key=AIzaSyBqJZh-7pA44blAaAkH6490hUFOwX0KCYM): couldn't find matching request: not found
2025/06/18 14:54:40 ServeHTTP(https://www.google.com/complete/search?client=chrome-omni&gs_ri=chrome-ext-ansg&xssi=t&q=&oit=0&gs_rn=42&sugkey=AIzaSyBqJZh-7pA44blAaAkH6490hUFOwX0KCYM): couldn't find matching request: not found
2025/06/18 14:54:40 ServeHTTP(https://beacons.gvt2.com/domainreliability/upload): couldn't find matching request: not found
2025/06/18 14:54:42 ScriptInjector(https://grafana.com/auth/sign-in?plcmt=mobile-nav&cta=myaccount): succesfully injected
2025/06/18 14:54:42 ServeHTTP(https://grafana.com/auth/sign-in?plcmt=mobile-nav&cta=myaccount): serving 200 response
2025/06/18 14:54:42 ServeHTTP(https://grafana.com/auth/static/js/main.2ab3e4f6.js): serving 200 response
2025/06/18 14:54:42 ServeHTTP(https://grafana.com/auth/static/css/main.d1125c4a.css): serving 200 response
2025/06/18 14:54:42 ServeHTTP(https://beacons2.gvt2.com/domainreliability/upload): couldn't find matching request: not found
2025/06/18 14:54:42 ServeHTTP(https://grafana.com/auth/favicon.ico): serving 200 response
2025/06/18 14:54:42 ServeHTTP(https://grafana.com/canspam): serving 403 response
2025/06/18 14:54:42 ServeHTTP(https://grafana.com/api/profile): serving 200 response
2025/06/18 14:54:42 ServeHTTP(https://beacons3.gvt2.com/domainreliability/upload): couldn't find matching request: not found
2025/06/18 14:54:42 ServeHTTP(https://grafana.com/api/plugins/mobile-nav): serving 404 response
2025/06/18 14:54:42 ServeHTTP(https://grafana.com/auth/img/icons/google.svg): serving 200 response
2025/06/18 14:54:42 ServeHTTP(https://grafana.com/auth/img/icons/microsoft.svg): serving 200 response
2025/06/18 14:54:42 ServeHTTP(https://grafana.com/auth/img/icons/github-for-light-theme.svg): serving 200 response
2025/06/18 14:54:42 ServeHTTP(https://grafana.com/auth/img/icons/person.svg): serving 200 response
2025/06/18 14:54:42 ServeHTTP(https://grafana.com/auth/img/icons/amazon-for-light-theme.svg): serving 200 response
2025/06/18 14:54:42 ServeHTTP(https://grafana.com/auth/img/grafana-cloud-logo-for-light-theme.svg): serving 200 response
2025/06/18 14:54:42 ServeHTTP(https://beacons4.gvt2.com/domainreliability/upload): couldn't find matching request: not found
2025/06/18 14:54:42 ServeHTTP(https://grafana.com/auth/static/media/Inter-Medium.a6ca36dde32b3a1d0fd4.woff2): serving 200 response
2025/06/18 14:54:42 ServeHTTP(https://grafana.com/auth/static/media/Inter-Regular.222064f2a764069868f4.woff2): serving 200 response
2025/06/18 14:54:42 ServeHTTP(https://beacons5.gvt2.com/domainreliability/upload): couldn't find matching request: not found
2025/06/18 14:54:42 ServeHTTP(https://faro-collector-ops-eu-south-0.grafana-ops.net/collect/9f5e4d848988ba008f1458881384725a): serving 204 response
2025/06/18 14:54:42 ServeHTTP(https://faro-collector-ops-eu-south-0.grafana-ops.net/collect/9f5e4d848988ba008f1458881384725a): serving 202 response
2025/06/18 14:54:42 ServeHTTP(https://content-autofill.googleapis.com/v1/pages/ChRDaHJvbWUvMTM3LjAuNzE1MS42OBIZCdj_jhejqYm-EgUNKEstiSFOZYz8FvvjyA==?alt=proto): couldn't find matching request: not found
2025/06/18 14:54:42 ServeHTTP(https://beacons5.gvt3.com/domainreliability/upload): couldn't find matching request: not found
2025/06/18 14:54:42 ServeHTTP(https://faro-collector-ops-eu-south-0.grafana-ops.net/collect/9f5e4d848988ba008f1458881384725a): serving 202 response
2025/06/18 14:54:42 ServeHTTP(https://clients2.google.com/domainreliability/upload): couldn't find matching request: not found
2025/06/18 14:54:43 ServeHTTP(https://faro-collector-ops-eu-south-0.grafana-ops.net/collect/9f5e4d848988ba008f1458881384725a): serving 202 response
2025/06/18 14:54:45 ServeHTTP(https://faro-collector-ops-eu-south-0.grafana-ops.net/collect/9f5e4d848988ba008f1458881384725a): serving 202 response
2025/06/18 14:54:46 ServeHTTP(https://faro-collector-ops-eu-south-0.grafana-ops.net/collect/9f5e4d848988ba008f1458881384725a): serving 202 response
2025/06/18 14:54:47 ServeHTTP(https://safebrowsing.googleapis.com/v4/threatListUpdates:fetch?$req=Ch0KDGdvb2dsZWNocm9tZRINMTM3LjAuNzE1MS42OBoMCAUQAiIEIAEgAigBGgwIEBACIgQgASACKAEaDAgBEAIiBCABIAIoARoMCAMQAiIEIAEgAigBGgwIDhACIgQgASACKAEaDAgBEAgiBCABIAIoBBoMCA8QAiIEIAEgAigBGgwIBxACIgQgASACKAEaDAgJEAIiBCABIAIoARoMCAgQAiIEIAEgAigBGgwIDRACIgQgASACKAEiAggB&$ct=application/x-protobuf&key=AIzaSyBqJZh-7pA44blAaAkH6490hUFOwX0KCYM): couldn't find matching request: not found
2025/06/18 14:54:48 ServeHTTP(https://faro-collector-ops-eu-south-0.grafana-ops.net/collect/9f5e4d848988ba008f1458881384725a): serving 204 response
2025/06/18 14:54:48 ServeHTTP(https://faro-collector-ops-eu-south-0.grafana-ops.net/collect/9f5e4d848988ba008f1458881384725a): serving 202 response
2025/06/18 14:54:49 ServeHTTP(https://faro-collector-ops-eu-south-0.grafana-ops.net/collect/9f5e4d848988ba008f1458881384725a): serving 202 response
2025/06/18 14:54:51 ServeHTTP(https://faro-collector-ops-eu-south-0.grafana-ops.net/collect/9f5e4d848988ba008f1458881384725a): serving 202 response
2025/06/18 14:54:52 ServeHTTP(https://faro-collector-ops-eu-south-0.grafana-ops.net/collect/9f5e4d848988ba008f1458881384725a): serving 202 response
2025/06/18 14:54:54 ServeHTTP(https://faro-collector-ops-eu-south-0.grafana-ops.net/collect/9f5e4d848988ba008f1458881384725a): serving 204 response
2025/06/18 14:54:54 ServeHTTP(https://faro-collector-ops-eu-south-0.grafana-ops.net/collect/9f5e4d848988ba008f1458881384725a): serving 202 response
2025/06/18 14:54:55 ServeHTTP(https://faro-collector-ops-eu-south-0.grafana-ops.net/collect/9f5e4d848988ba008f1458881384725a): serving 202 response
2025/06/18 14:54:57 ServeHTTP(https://faro-collector-ops-eu-south-0.grafana-ops.net/collect/9f5e4d848988ba008f1458881384725a): serving 202 response
2025/06/18 14:54:58 ServeHTTP(https://faro-collector-ops-eu-south-0.grafana-ops.net/collect/9f5e4d848988ba008f1458881384725a): serving 202 response
