2025/07/04 15:11:27 Loading cert from /certs/cert.pem
2025/07/04 15:11:27 Loading key from /certs/key.pem
2025/07/04 15:11:27 Opened archive /workdir/archive.wprgo
2025/07/04 15:11:27 Loading script from deterministic.js
2025/07/04 15:11:27 Use Ctrl-C to exit.
2025/07/04 15:11:27 Starting server on http://127.0.0.1:8080
2025/07/04 15:11:27 Starting server on https://127.0.0.1:8081
2025/07/04 15:15:14 ServeHTTP(https://accounts.google.com/ListAccounts?gpsia=1&source=ChromiumBrowser&json=standard): serving 200, 43 bytes
2025/07/04 15:15:15 ScriptInjector(https://tma.ifip.org/): succesfully injected
2025/07/04 15:15:15 ServeHTTP(https://tma.ifip.org/): serving 200, 9828 bytes
2025/07/04 15:15:16 ServeHTTP(https://tma.ifip.org/wp-includes/css/dist/block-library/style.min.css?ver=6.8.1): serving 200, 15323 bytes
2025/07/04 15:15:16 ServeHTTP(https://tma.ifip.org/wp-content/themes/spacious/font-awesome/library/font-awesome/css/v4-shims.min.css?ver=4.7.0): serving 200, 4113 bytes
2025/07/04 15:15:16 ServeHTTP(https://tma.ifip.org/wp-content/themes/spacious/font-awesome/library/font-awesome/css/regular.min.css?ver=6.2.4): serving 200, 326 bytes
2025/07/04 15:15:16 ServeHTTP(https://tma.ifip.org/wp-content/themes/spacious/font-awesome/library/font-awesome/css/brands.min.css?ver=6.2.4): serving 200, 4833 bytes
2025/07/04 15:15:16 ServeHTTP(https://tma.ifip.org/wp-content/themes/spacious/font-awesome/library/font-awesome/css/solid.min.css?ver=6.2.4): serving 200, 325 bytes
2025/07/04 15:15:16 ServeHTTP(https://tma.ifip.org/wp-content/themes/spacious/genericons/genericons.css?ver=3.3.1): serving 200, 16468 bytes
2025/07/04 15:15:16 ServeHTTP(https://tma.ifip.org/wp-content/themes/spacious/font-awesome/library/font-awesome/css/all.min.css?ver=6.2.4): serving 200, 29808 bytes
2025/07/04 15:15:16 ServeHTTP(https://tma.ifip.org/wp-content/themes/spacious/style.css?ver=6.8.1): serving 200, 13486 bytes
2025/07/04 15:15:16 ServeHTTP(https://tma.ifip.org/wp-content/themes/spacious/font-awesome/css/font-awesome.min.css?ver=4.7.1): serving 200, 23431 bytes
2025/07/04 15:15:16 ServeHTTP(https://tma.ifip.org/wp-includes/js/jquery/jquery-migrate.min.js?ver=3.4.1): serving 200, 4872 bytes
2025/07/04 15:15:16 ServeHTTP(https://tma.ifip.org/wp-includes/js/jquery/jquery.min.js?ver=3.7.1): serving 200, 30368 bytes
2025/07/04 15:15:16 ServeHTTP(https://tma.ifip.org/wp-content/themes/spacious/js/spacious-custom.js?ver=6.8.1): serving 200, 1020 bytes
2025/07/04 15:15:16 ServeHTTP(https://tma.ifip.org/wp-content/themes/spacious/js/navigation.js?ver=6.8.1): serving 200, 2648 bytes
2025/07/04 15:15:16 ServeHTTP(https://tma.ifip.org/wp-content/uploads/2017/10/cropped-tma-conference-logo.png): serving 200, 131223 bytes
2025/07/04 15:15:16 ServeHTTP(https://tma.ifip.org/wp-content/themes/spacious/js/skip-link-focus-fix.js?ver=6.8.1): serving 200, 425 bytes
2025/07/04 15:15:17 ServeHTTP(https://tma.ifip.org/wp-content/themes/spacious/assets/fonts/Lato-Bold.woff): serving 200, 36784 bytes
2025/07/04 15:15:17 ServeHTTP(https://tma.ifip.org/wp-content/themes/spacious/assets/fonts/Lato-Regular.woff): serving 200, 37580 bytes
2025/07/04 15:15:17 ServeHTTP(https://tma.ifip.org/wp-includes/js/wp-emoji-release.min.js?ver=6.8.1): serving 200, 5166 bytes
2025/07/04 15:15:17 ServeHTTP(https://tma.ifip.org/favicon.ico): serving 302, 0 bytes
2025/07/04 15:15:17 ServeHTTP(https://tma.ifip.org/wp-includes/images/w-logo-blue-white-bg.png): serving 200, 4119 bytes
2025/07/04 15:15:21 ServeHTTP(https://android.clients.google.com/checkin): serving 200, 471 bytes
2025/07/04 15:15:22 ServeHTTP(https://android.clients.google.com/c2dm/register3): serving 301, 45 bytes
2025/07/04 15:15:23 ServeHTTP(https://android.clients.google.com/c2dm/register3): serving 200, 149 bytes
2025/07/04 15:15:50 ServeHTTP(https://accounts.google.com/ListAccounts?gpsia=1&source=ChromiumBrowser&json=standard): serving 200, 43 bytes
2025/07/04 15:15:50 ScriptInjector(https://tma.ifip.org/2016/): succesfully injected
2025/07/04 15:15:50 ServeHTTP(https://tma.ifip.org/2016/): serving 200, 10976 bytes
2025/07/04 15:15:50 ServeHTTP(https://tma.ifip.org/2016/css/bootstrap.css): serving 200, 18413 bytes
2025/07/04 15:15:50 ServeHTTP(https://tma.ifip.org/2016/images/tma_logo_ppt.png): serving 200, 56239 bytes
2025/07/04 15:15:50 ServeHTTP(https://tma.ifip.org/2016/css/style.css): serving 200, 4465 bytes
2025/07/04 15:15:50 ServeHTTP(https://tma.ifip.org/2016/images/louvain3.png): serving 200, 1555282 bytes
2025/07/04 15:15:50 ServeHTTP(https://tma.ifip.org/2016/js/jquery-1.11.1.min.js): serving 200, 33225 bytes
2025/07/04 15:15:50 ServeHTTP(https://tma.ifip.org/2016/images/ramin.jpg): serving 200, 12531 bytes
2025/07/04 15:15:50 ServeHTTP(https://tma.ifip.org/2016/images/logoIFIP.gif): serving 200, 87007 bytes
2025/07/04 15:15:50 ServeHTTP(https://tma.ifip.org/2016/images/Logo-homepage.jpg): serving 200, 2975 bytes
2025/07/04 15:15:50 ServeHTTP(https://tma.ifip.org/2016/images/fabian.jpg): serving 200, 26925 bytes
2025/07/04 15:15:50 ServeHTTP(https://tma.ifip.org/2016/images/SIDN_Labs_logo.jpg): serving 200, 64226 bytes
2025/07/04 15:15:50 ServeHTTP(https://tma.ifip.org/2016/images/nm2_logo_red.png): serving 200, 34264 bytes
2025/07/04 15:15:50 ServeHTTP(https://tma.ifip.org/2016/images/alessio.jpg): serving 200, 57737 bytes
2025/07/04 15:15:50 ServeHTTP(https://tma.ifip.org/2016/images/dates.jpg): serving 200, 25119 bytes
2025/07/04 15:15:50 ServeHTTP(https://tma.ifip.org/2016/images/move-top.png): serving 200, 3239 bytes
2025/07/04 15:15:50 ServeHTTP(https://tma.ifip.org/2016/images/icons.png): serving 200, 5149 bytes
2025/07/04 15:15:50 ServeHTTP(https://www.google-analytics.com/analytics.js): serving 200, 20994 bytes
2025/07/04 15:15:50 http: TLS handshake error from 127.0.0.1:51388: EOF
2025/07/04 15:15:50 http: TLS handshake error from 127.0.0.1:51404: EOF
2025/07/04 15:15:51 ServeHTTP(https://fonts.gstatic.com/s/raleway/v36/1Ptug8zYS_SKggPNyCMIT5lu.woff2): serving 200, 31480 bytes
2025/07/04 15:15:51 ServeHTTP(https://fonts.gstatic.com/s/opensanscondensed/v23/z7NFdQDnbTkabZAIOl9il_O6KJj73e7Ff1GhDuXMRw.woff2): serving 200, 14964 bytes
2025/07/04 15:15:51 ServeHTTP(https://www.google-analytics.com/j/collect?v=1&_v=j101&a=992137445&t=pageview&_s=1&dl=https%3A%2F%2Ftma.ifip.org%2F2016%2F&ul=en-us&de=UTF-8&dt=TMA%202016%20International%20Workshop%20on%20Traffic%20Monitoring%20and%20Analysis%20%7C%20Home%20%3A%3A%20w3layouts&sd=24-bit&sr=800x600&vp=1351x621&je=0&_u=IEBAAEABAAAAACAAI~&jid=992137445&gjid=992137445&cid=825163896.1751641887&tid=UA-7272448-3&_gid=825163896.1751641887&_r=1&_slc=1&z=1984274890): serving 200, 3 bytes
2025/07/04 15:15:51 ServeHTTP(https://fonts.gstatic.com/s/raleway/v36/1Ptug8zYS_SKggPNyC0ITw.woff2): serving 200, 48264 bytes
2025/07/04 15:15:51 ServeHTTP(https://tma.ifip.org/favicon.ico): serving 302, 0 bytes
2025/07/04 15:15:51 ServeHTTP(https://tma.ifip.org/wp-includes/images/w-logo-blue-white-bg.png): serving 200, 4119 bytes
2025/07/04 15:15:53 ServeHTTP(https://android.clients.google.com/checkin): serving 200, 470 bytes
2025/07/04 15:15:53 ServeHTTP(https://android.clients.google.com/c2dm/register3): serving 200, 50 bytes
2025/07/04 15:15:53 ServeHTTP(https://android.clients.google.com/c2dm/register3): serving 200, 50 bytes
2025/07/04 15:16:13 ServeHTTP(https://accounts.google.com/ListAccounts?gpsia=1&source=ChromiumBrowser&json=standard): serving 200, 43 bytes
2025/07/04 15:16:14 ScriptInjector(https://tma.ifip.org/2021/): succesfully injected
2025/07/04 15:16:14 ServeHTTP(https://tma.ifip.org/2021/): serving 200, 10643 bytes
2025/07/04 15:16:14 ServeHTTP(https://tma.ifip.org/2021/wp-content/themes/spacious/font-awesome/library/font-awesome/css/solid.min.css?ver=6.2.4): serving 200, 325 bytes
2025/07/04 15:16:14 ServeHTTP(https://tma.ifip.org/2021/wp-content/themes/spacious/font-awesome/library/font-awesome/css/v4-shims.min.css?ver=4.7.0): serving 200, 4113 bytes
2025/07/04 15:16:14 ServeHTTP(https://tma.ifip.org/2021/wp-content/themes/spacious/font-awesome/library/font-awesome/css/regular.min.css?ver=6.2.4): serving 200, 326 bytes
2025/07/04 15:16:14 ServeHTTP(https://tma.ifip.org/2021/wp-content/themes/spacious/font-awesome/library/font-awesome/css/brands.min.css?ver=6.2.4): serving 200, 4833 bytes
2025/07/04 15:16:14 ServeHTTP(https://tma.ifip.org/2021/wp-includes/css/dist/block-library/style.min.css?ver=6.8.1): serving 200, 15323 bytes
2025/07/04 15:16:14 ServeHTTP(https://tma.ifip.org/2021/wp-content/themes/spacious/font-awesome/library/font-awesome/css/all.min.css?ver=6.2.4): serving 200, 29808 bytes
2025/07/04 15:16:14 ServeHTTP(https://tma.ifip.org/2021/wp-content/themes/spacious/style.css?ver=6.8.1): serving 200, 13486 bytes
2025/07/04 15:16:14 ServeHTTP(https://tma.ifip.org/2021/wp-includes/js/jquery/jquery.min.js?ver=3.7.1): serving 200, 30368 bytes
2025/07/04 15:16:14 ServeHTTP(https://tma.ifip.org/2021/wp-content/themes/spacious/font-awesome/css/font-awesome.min.css?ver=4.7.1): serving 200, 23431 bytes
2025/07/04 15:16:14 ServeHTTP(https://tma.ifip.org/2021/wp-content/themes/spacious/js/spacious-custom.js?ver=6.8.1): serving 200, 1020 bytes
2025/07/04 15:16:14 ServeHTTP(https://tma.ifip.org/2021/wp-content/themes/spacious/genericons/genericons.css?ver=3.3.1): serving 200, 16468 bytes
2025/07/04 15:16:14 ServeHTTP(https://tma.ifip.org/2021/wp-content/uploads/sites/10/2021/02/cropped-photo-1451187580459-43490279c0fa-2.jpeg): serving 200, 96297 bytes
2025/07/04 15:16:14 ServeHTTP(https://tma.ifip.org/2021/wp-content/uploads/sites/10/2019/09/cropped-cropped-tma-conference-logo_1.png): serving 200, 111390 bytes
2025/07/04 15:16:14 ServeHTTP(https://tma.ifip.org/2021/wp-includes/js/jquery/jquery-migrate.min.js?ver=3.4.1): serving 200, 4872 bytes
2025/07/04 15:16:14 ServeHTTP(https://tma.ifip.org/2021/wp-content/uploads/sites/10/siteorigin-widgets/sow-image-default-8b5b6f678277.css?ver=6.8.1): serving 200, 224 bytes
2025/07/04 15:16:14 ServeHTTP(https://tma.ifip.org/2021/wp-content/plugins/siteorigin-panels/css/front-flex.min.css?ver=2.32.1): serving 200, 563 bytes
2025/07/04 15:16:14 ServeHTTP(https://tma.ifip.org/2021/wp-content/themes/spacious/js/navigation.js?ver=6.8.1): serving 200, 2648 bytes
2025/07/04 15:16:14 ServeHTTP(https://tma.ifip.org/2021/wp-content/themes/spacious/js/skip-link-focus-fix.js?ver=6.8.1): serving 200, 425 bytes
2025/07/04 15:16:14 ServeHTTP(https://tma.ifip.org/2021/wp-content/uploads/sites/10/2020/01/IFIP_TC6.png): serving 200, 24460 bytes
2025/07/04 15:16:14 ServeHTTP(https://tma.ifip.org/2021/wp-content/themes/spacious/assets/fonts/Lato-Bold.woff): serving 200, 36784 bytes
2025/07/04 15:16:14 ServeHTTP(https://tma.ifip.org/2021/wp-content/themes/spacious/assets/fonts/Lato-Black.woff): serving 200, 36172 bytes
2025/07/04 15:16:14 ServeHTTP(https://tma.ifip.org/2021/wp-content/themes/spacious/assets/fonts/Lato-Regular.woff): serving 200, 37580 bytes
2025/07/04 15:16:14 ServeHTTP(https://tma.ifip.org/2021/wp-includes/js/wp-emoji-release.min.js?ver=6.8.1): serving 200, 5166 bytes
2025/07/04 15:16:15 ServeHTTP(https://tma.ifip.org/favicon.ico): serving 302, 0 bytes
2025/07/04 15:16:15 ServeHTTP(https://tma.ifip.org/wp-includes/images/w-logo-blue-white-bg.png): serving 200, 4119 bytes
2025/07/04 15:16:18 ServeHTTP(https://android.clients.google.com/checkin): serving 200, 470 bytes
2025/07/04 15:16:18 ServeHTTP(https://android.clients.google.com/c2dm/register3): serving 200, 50 bytes
2025/07/04 15:16:18 ServeHTTP(https://android.clients.google.com/c2dm/register3): serving 200, 50 bytes
2025/07/04 15:16:32 ServeHTTP(https://accounts.google.com/ListAccounts?gpsia=1&source=ChromiumBrowser&json=standard): serving 200, 43 bytes
2025/07/04 15:16:33 ScriptInjector(https://tma.ifip.org/2025/): succesfully injected
2025/07/04 15:16:33 ServeHTTP(https://tma.ifip.org/2025/): serving 200, 11314 bytes
2025/07/04 15:16:33 ServeHTTP(https://tma.ifip.org/2025/wp-includes/css/dist/block-library/style.min.css?ver=6.8.1): serving 200, 15323 bytes
2025/07/04 15:16:33 ServeHTTP(https://tma.ifip.org/2025/wp-content/themes/spacious/font-awesome/library/font-awesome/css/v4-shims.min.css?ver=4.7.0): serving 200, 4113 bytes
2025/07/04 15:16:33 ServeHTTP(https://tma.ifip.org/2025/wp-content/themes/spacious/font-awesome/library/font-awesome/css/solid.min.css?ver=6.2.4): serving 200, 325 bytes
2025/07/04 15:16:33 ServeHTTP(https://tma.ifip.org/2025/wp-content/themes/spacious/font-awesome/library/font-awesome/css/regular.min.css?ver=6.2.4): serving 200, 326 bytes
2025/07/04 15:16:33 ServeHTTP(https://tma.ifip.org/2025/wp-content/themes/spacious/font-awesome/library/font-awesome/css/brands.min.css?ver=6.2.4): serving 200, 4833 bytes
2025/07/04 15:16:33 ServeHTTP(https://tma.ifip.org/2025/wp-content/themes/spacious/genericons/genericons.css?ver=3.3.1): serving 200, 16468 bytes
2025/07/04 15:16:33 ServeHTTP(https://tma.ifip.org/2025/wp-content/themes/spacious/style.css?ver=6.8.1): serving 200, 13486 bytes
2025/07/04 15:16:33 ServeHTTP(https://tma.ifip.org/2025/wp-content/themes/spacious/font-awesome/library/font-awesome/css/all.min.css?ver=6.2.4): serving 200, 29808 bytes
2025/07/04 15:16:33 ServeHTTP(https://tma.ifip.org/2025/wp-includes/js/jquery/jquery.min.js?ver=3.7.1): serving 200, 30368 bytes
2025/07/04 15:16:33 ServeHTTP(https://tma.ifip.org/2025/wp-content/themes/spacious/font-awesome/css/font-awesome.min.css?ver=4.7.1): serving 200, 23431 bytes
2025/07/04 15:16:33 ServeHTTP(https://tma.ifip.org/2025/wp-includes/js/jquery/jquery-migrate.min.js?ver=3.4.1): serving 200, 4872 bytes
2025/07/04 15:16:33 ServeHTTP(https://tma.ifip.org/2025/wp-content/themes/spacious/js/navigation.js?ver=6.8.1): serving 200, 2648 bytes
2025/07/04 15:16:33 ServeHTTP(https://tma.ifip.org/2025/wp-content/themes/spacious/js/spacious-custom.js?ver=6.8.1): serving 200, 1020 bytes
2025/07/04 15:16:33 ServeHTTP(https://tma.ifip.org/2025/wp-content/uploads/sites/14/2025/02/cropped-tma-banner-with-support-logos.png): serving 200, 860487 bytes
2025/07/04 15:16:33 ServeHTTP(https://tma.ifip.org/2025/wp-content/themes/spacious/js/skip-link-focus-fix.js?ver=6.8.1): serving 200, 425 bytes
2025/07/04 15:16:33 ServeHTTP(https://tma.ifip.org/2025/wp-content/uploads/sites/14/2025/02/IFIP_TC6.png): serving 200, 24460 bytes
2025/07/04 15:16:33 ServeHTTP(https://tma.ifip.org/2025/wp-content/uploads/sites/14/2019/09/ieee-comsoc-300x116.png): serving 200, 18011 bytes
2025/07/04 15:16:33 ServeHTTP(https://tma.ifip.org/2025/wp-content/uploads/sites/14/2019/09/ieee_mb_blue-300x87.gif): serving 200, 2263 bytes
2025/07/04 15:16:33 ServeHTTP(https://tma.ifip.org/2024/wp-content/uploads/sites/13/2019/09/logoIFIP-150x150.gif): serving 200, 87007 bytes
2025/07/04 15:16:33 ServeHTTP(https://tma.ifip.org/2025/wp-content/themes/spacious/assets/fonts/Lato-Bold.woff): serving 200, 36784 bytes
2025/07/04 15:16:33 ServeHTTP(https://tma.ifip.org/2025/wp-content/themes/spacious/assets/fonts/Lato-Regular.woff): serving 200, 37580 bytes
2025/07/04 15:16:33 ServeHTTP(https://tma.ifip.org/2025/wp-content/themes/spacious/assets/fonts/Lato-Italic.woff): serving 200, 39144 bytes
2025/07/04 15:16:33 ServeHTTP(https://tma.ifip.org/2025/wp-content/uploads/sites/14/2025/02/isoc-300x104.png): serving 200, 20649 bytes
2025/07/04 15:16:33 ServeHTTP(https://tma.ifip.org/2025/wp-includes/js/wp-emoji-release.min.js?ver=6.8.1): serving 200, 5166 bytes
2025/07/04 15:16:33 ServeHTTP(https://tma.ifip.org/2025/wp-content/uploads/sites/14/2025/02/IPinfo-300x98.jpg): serving 200, 604009 bytes
2025/07/04 15:16:33 ServeHTTP(https://tma.ifip.org/2025/wp-content/uploads/sites/14/2022/04/image-1-300x115.png): serving 200, 13833 bytes
2025/07/04 15:16:33 ServeHTTP(https://tma.ifip.org/2025/wp-content/uploads/sites/14/2019/09/cropped-cropped-cropped-tma-conference-logo_1-32x32.png): serving 200, 2103 bytes
2025/07/04 15:16:36 ServeHTTP(https://android.clients.google.com/checkin): serving 200, 471 bytes
2025/07/04 15:16:36 ServeHTTP(https://android.clients.google.com/c2dm/register3): serving 200, 50 bytes
2025/07/04 15:16:38 ServeHTTP(https://android.clients.google.com/c2dm/register3): serving 200, 152 bytes
2025/07/04 15:16:52 ServeHTTP(https://accounts.google.com/ListAccounts?gpsia=1&source=ChromiumBrowser&json=standard): serving 200, 43 bytes
2025/07/04 15:16:52 ServeHTTP(https://tma.ifip.org/robots.txt): serving 200, 109 bytes
2025/07/04 15:16:53 ServeHTTP(https://tma.ifip.org/favicon.ico): serving 302, 0 bytes
2025/07/04 15:16:53 ServeHTTP(https://tma.ifip.org/wp-includes/images/w-logo-blue-white-bg.png): serving 200, 4119 bytes
2025/07/04 15:16:55 ServeHTTP(https://android.clients.google.com/checkin): serving 200, 470 bytes
2025/07/04 15:16:55 ServeHTTP(https://android.clients.google.com/c2dm/register3): serving 200, 50 bytes
2025/07/04 15:16:55 ServeHTTP(https://android.clients.google.com/c2dm/register3): serving 200, 50 bytes
2025/07/04 15:17:10 ServeHTTP(https://accounts.google.com/ListAccounts?gpsia=1&source=ChromiumBrowser&json=standard): serving 200, 43 bytes
2025/07/04 15:17:10 ScriptInjector(https://tma.ifip.org/): succesfully injected
2025/07/04 15:17:10 ServeHTTP(https://tma.ifip.org/): serving 200, 9828 bytes
2025/07/04 15:17:10 ServeHTTP(https://tma.ifip.org/wp-content/themes/spacious/font-awesome/library/font-awesome/css/regular.min.css?ver=6.2.4): serving 200, 326 bytes
2025/07/04 15:17:10 ServeHTTP(https://tma.ifip.org/wp-content/themes/spacious/font-awesome/library/font-awesome/css/v4-shims.min.css?ver=4.7.0): serving 200, 4113 bytes
2025/07/04 15:17:10 ServeHTTP(https://tma.ifip.org/wp-content/themes/spacious/font-awesome/library/font-awesome/css/brands.min.css?ver=6.2.4): serving 200, 4833 bytes
2025/07/04 15:17:10 ServeHTTP(https://tma.ifip.org/wp-content/themes/spacious/genericons/genericons.css?ver=3.3.1): serving 200, 16468 bytes
2025/07/04 15:17:10 ServeHTTP(https://tma.ifip.org/wp-content/themes/spacious/font-awesome/library/font-awesome/css/solid.min.css?ver=6.2.4): serving 200, 325 bytes
2025/07/04 15:17:10 ServeHTTP(https://tma.ifip.org/wp-content/themes/spacious/font-awesome/css/font-awesome.min.css?ver=4.7.1): serving 200, 23431 bytes
2025/07/04 15:17:10 ServeHTTP(https://tma.ifip.org/wp-content/themes/spacious/js/spacious-custom.js?ver=6.8.1): serving 200, 1020 bytes
2025/07/04 15:17:10 ServeHTTP(https://tma.ifip.org/wp-includes/css/dist/block-library/style.min.css?ver=6.8.1): serving 200, 15323 bytes
2025/07/04 15:17:10 ServeHTTP(https://tma.ifip.org/wp-includes/js/jquery/jquery-migrate.min.js?ver=3.4.1): serving 200, 4872 bytes
2025/07/04 15:17:10 ServeHTTP(https://tma.ifip.org/wp-content/themes/spacious/style.css?ver=6.8.1): serving 200, 13486 bytes
2025/07/04 15:17:11 ServeHTTP(https://tma.ifip.org/wp-content/uploads/2017/10/cropped-tma-conference-logo.png): serving 200, 131223 bytes
2025/07/04 15:17:11 ServeHTTP(https://tma.ifip.org/wp-content/themes/spacious/js/navigation.js?ver=6.8.1): serving 200, 2648 bytes
2025/07/04 15:17:11 ServeHTTP(https://tma.ifip.org/wp-includes/js/jquery/jquery.min.js?ver=3.7.1): serving 200, 30368 bytes
2025/07/04 15:17:11 ServeHTTP(https://tma.ifip.org/wp-content/themes/spacious/font-awesome/library/font-awesome/css/all.min.css?ver=6.2.4): serving 200, 29808 bytes
2025/07/04 15:17:11 ServeHTTP(https://tma.ifip.org/wp-content/themes/spacious/js/skip-link-focus-fix.js?ver=6.8.1): serving 200, 425 bytes
2025/07/04 15:17:11 ServeHTTP(https://tma.ifip.org/wp-content/themes/spacious/assets/fonts/Lato-Bold.woff): serving 200, 36784 bytes
2025/07/04 15:17:11 ServeHTTP(https://tma.ifip.org/wp-content/themes/spacious/assets/fonts/Lato-Regular.woff): serving 200, 37580 bytes
2025/07/04 15:17:11 ServeHTTP(https://tma.ifip.org/wp-includes/js/wp-emoji-release.min.js?ver=6.8.1): serving 200, 5166 bytes
2025/07/04 15:17:11 ServeHTTP(https://tma.ifip.org/favicon.ico): serving 302, 0 bytes
2025/07/04 15:17:11 ServeHTTP(https://tma.ifip.org/wp-includes/images/w-logo-blue-white-bg.png): serving 200, 4119 bytes
2025/07/04 15:17:13 ServeHTTP(https://android.clients.google.com/checkin): serving 200, 475 bytes
2025/07/04 15:17:13 ServeHTTP(https://android.clients.google.com/c2dm/register3): serving 200, 50 bytes
2025/07/04 15:17:13 ServeHTTP(https://android.clients.google.com/c2dm/register3): serving 200, 50 bytes
2025/07/04 15:17:29 ServeHTTP(https://accounts.google.com/ListAccounts?gpsia=1&source=ChromiumBrowser&json=standard): serving 200, 43 bytes
2025/07/04 15:17:30 ScriptInjector(https://tma.ifip.org/2017/): succesfully injected
2025/07/04 15:17:30 ServeHTTP(https://tma.ifip.org/2017/): serving 200, 14184 bytes
2025/07/04 15:17:30 ServeHTTP(https://tma.ifip.org/2017/wp-includes/css/dist/block-library/style.min.css?ver=6.8.1): serving 200, 15323 bytes
2025/07/04 15:17:30 ServeHTTP(https://tma.ifip.org/2017/wp-content/uploads/sites/7/maxmegamenu/style.css?ver=054617): serving 200, 244 bytes
2025/07/04 15:17:30 ServeHTTP(https://tma.ifip.org/2017/wp-content/plugins/codeboxrflexiblecountdown/assets/css/codeboxrflexiblecountdown-public.css?ver=1.8.3): serving 200, 911 bytes
2025/07/04 15:17:30 ServeHTTP(https://tma.ifip.org/2017/wp-content/plugins/contact-form-7/includes/css/styles.css?ver=6.1): serving 200, 1031 bytes
2025/07/04 15:17:30 ServeHTTP(https://tma.ifip.org/2017/wp-content/themes/spacious/font-awesome/library/font-awesome/css/v4-shims.min.css?ver=4.7.0): serving 200, 4113 bytes
2025/07/04 15:17:30 ServeHTTP(https://tma.ifip.org/2017/wp-includes/css/dashicons.min.css?ver=6.8.1): serving 200, 35730 bytes
2025/07/04 15:17:30 ServeHTTP(https://tma.ifip.org/2017/wp-content/themes/spacious/font-awesome/library/font-awesome/css/solid.min.css?ver=6.2.4): serving 200, 325 bytes
2025/07/04 15:17:30 ServeHTTP(https://tma.ifip.org/2017/wp-content/themes/spacious/font-awesome/library/font-awesome/css/regular.min.css?ver=6.2.4): serving 200, 326 bytes
2025/07/04 15:17:30 ServeHTTP(https://tma.ifip.org/2017/wp-content/themes/spacious/font-awesome/library/font-awesome/css/brands.min.css?ver=6.2.4): serving 200, 4833 bytes
2025/07/04 15:17:30 ServeHTTP(https://tma.ifip.org/2017/wp-content/plugins/user-access-manager/assets/css/uamLoginForm.css?ver=2.2.25): serving 200, 215 bytes
2025/07/04 15:17:30 ServeHTTP(https://tma.ifip.org/2017/wp-content/themes/spacious/font-awesome/library/font-awesome/css/all.min.css?ver=6.2.4): serving 200, 29808 bytes
2025/07/04 15:17:30 ServeHTTP(https://tma.ifip.org/2017/wp-content/themes/spacious/style.css?ver=6.8.1): serving 200, 13486 bytes
2025/07/04 15:17:30 ServeHTTP(https://tma.ifip.org/2017/wp-content/themes/spacious/js/spacious-custom.js?ver=6.8.1): serving 200, 1020 bytes
2025/07/04 15:17:30 ServeHTTP(https://tma.ifip.org/2017/wp-includes/js/jquery/jquery-migrate.min.js?ver=3.4.1): serving 200, 4872 bytes
2025/07/04 15:17:30 ServeHTTP(https://tma.ifip.org/2017/wp-content/themes/spacious/font-awesome/css/font-awesome.min.css?ver=4.7.1): serving 200, 23431 bytes
2025/07/04 15:17:30 ServeHTTP(https://tma.ifip.org/2017/wp-includes/js/jquery/jquery.min.js?ver=3.7.1): serving 200, 30368 bytes
2025/07/04 15:17:30 ServeHTTP(https://tma.ifip.org/2017/wp-content/themes/spacious/genericons/genericons.css?ver=3.3.1): serving 200, 16468 bytes
2025/07/04 15:17:30 ServeHTTP(https://tma.ifip.org/wp-content/uploads/sites/7/2016/09/TMA_image.png): serving 200, 826416 bytes
2025/07/04 15:17:30 ServeHTTP(https://tma.ifip.org/2017/wp-content/uploads/sites/7/2016/07/IMG_0448-600x450.jpg): serving 200, 47348 bytes
2025/07/04 15:17:30 ServeHTTP(https://tma.ifip.org/2017/wp-content/plugins/ml-slider/assets/sliders/flexslider/flexslider.css?ver=3.99.0): serving 200, 1166 bytes
2025/07/04 15:17:30 ServeHTTP(https://tma.ifip.org/2017/wp-content/plugins/ml-slider/assets/metaslider/public.css?ver=3.99.0): serving 200, 3222 bytes
2025/07/04 15:17:30 ServeHTTP(https://tma.ifip.org/2017/wp-content/plugins/siteorigin-panels/css/front-flex.min.css?ver=2.32.1): serving 200, 563 bytes
2025/07/04 15:17:30 ServeHTTP(https://tma.ifip.org/2017/wp-content/uploads/sites/7/siteorigin-widgets/sow-image-default-8b5b6f678277.css?ver=6.8.1): serving 200, 224 bytes
2025/07/04 15:17:30 ServeHTTP(https://tma.ifip.org/2017/wp-includes/js/dist/hooks.min.js?ver=4d63a3d491d11ffd8ac6): serving 200, 1648 bytes
2025/07/04 15:17:30 ServeHTTP(https://tma.ifip.org/2017/wp-content/plugins/contact-form-7/includes/js/index.js?ver=6.1): serving 200, 4265 bytes
2025/07/04 15:17:30 ServeHTTP(https://tma.ifip.org/2017/wp-content/plugins/contact-form-7/includes/swv/js/index.js?ver=6.1): serving 200, 3503 bytes
2025/07/04 15:17:30 ServeHTTP(https://tma.ifip.org/2017/wp-includes/js/dist/i18n.min.js?ver=5e580eb46a90c2b997e6): serving 200, 3667 bytes
2025/07/04 15:17:30 ServeHTTP(https://tma.ifip.org/2017/wp-content/themes/spacious/js/skip-link-focus-fix.js?ver=6.8.1): serving 200, 425 bytes
2025/07/04 15:17:30 ServeHTTP(https://tma.ifip.org/2017/wp-includes/js/hoverIntent.min.js?ver=1.10.2): serving 200, 706 bytes
2025/07/04 15:17:30 ServeHTTP(https://tma.ifip.org/2017/wp-content/themes/spacious/js/navigation.js?ver=6.8.1): serving 200, 2648 bytes
2025/07/04 15:17:30 ServeHTTP(https://tma.ifip.org/2017/wp-content/plugins/ml-slider/assets/metaslider/script.min.js?ver=3.99.0): serving 200, 414 bytes
2025/07/04 15:17:30 ServeHTTP(https://tma.ifip.org/2017/wp-content/plugins/ml-slider/assets/sliders/flexslider/jquery.flexslider.min.js?ver=3.99.0): serving 200, 6999 bytes
2025/07/04 15:17:30 ServeHTTP(https://tma.ifip.org/wp-content/uploads/sites/7/2017/07/youtube_icon.jpg): serving 200, 815 bytes
2025/07/04 15:17:30 ServeHTTP(https://tma.ifip.org/2017/wp-content/plugins/megamenu/js/maxmegamenu.js?ver=3.6.1): serving 200, 6025 bytes
2025/07/04 15:17:30 ServeHTTP(https://tma.ifip.org/2017/wp-content/themes/spacious/assets/fonts/Lato-Regular.woff): serving 200, 37580 bytes
2025/07/04 15:17:30 ServeHTTP(https://www.google-analytics.com/analytics.js): serving 200, 20994 bytes
2025/07/04 15:17:30 ServeHTTP(https://tma.ifip.org/2017/wp-content/plugins/codeboxrflexiblecountdown/assets/js/codeboxrflexiblecountdown-public.js?ver=1.8.3): serving 200, 84901 bytes
2025/07/04 15:17:30 ServeHTTP(https://tma.ifip.org/2017/wp-content/themes/spacious/assets/fonts/Lato-Bold.woff): serving 200, 36784 bytes
2025/07/04 15:17:30 ServeHTTP(https://tma.ifip.org/2017/wp-content/uploads/sites/7/2016/09/logoIFIP.gif): serving 200, 87007 bytes
2025/07/04 15:17:30 ServeHTTP(https://tma.ifip.org/2017/wp-content/uploads/sites/7/2017/01/ieee_mb_blue.gif): serving 200, 3035 bytes
2025/07/04 15:17:30 ServeHTTP(https://tma.ifip.org/2017/wp-content/uploads/sites/7/2017/01/ieee-comsoc-300x116.png): serving 200, 19101 bytes
2025/07/04 15:17:30 ServeHTTP(https://tma.ifip.org/2017/wp-content/uploads/sites/7/2016/12/acm_4c_grad_pos.png): serving 200, 11231 bytes
2025/07/04 15:17:30 ServeHTTP(https://www.google-analytics.com/j/collect?v=1&_v=j101&a=992137445&t=pageview&_s=1&dl=https%3A%2F%2Ftma.ifip.org%2F2017%2F&ul=en-us&de=UTF-8&dt=TMA%20Conference%202017&sd=24-bit&sr=800x600&vp=1351x621&je=0&_u=IEBAAEABAAAAACAAI~&jid=992137445&gjid=992137445&cid=902295263.1751641887&tid=UA-84828087-1&_gid=902295263.1751641887&_r=1&_slc=1&z=1984274890): serving 200, 15 bytes
2025/07/04 15:17:30 ServeHTTP(https://www.powr.io/powr.js): serving 200, 12471 bytes
2025/07/04 15:17:30 ServeHTTP(https://tma.ifip.org/2017/wp-includes/js/wp-emoji-release.min.js?ver=6.8.1): serving 200, 5166 bytes
2025/07/04 15:17:30 ServeHTTP(https://tma.ifip.org/2017/wp-content/plugins/ml-slider/assets/metaslider/bg_direction_nav.png): serving 200, 2627 bytes
2025/07/04 15:17:31 ServeHTTP(https://tma.ifip.org/2017/wp-content/uploads/sites/7/2016/07/IMG_0451-600x450.jpg): serving 200, 36279 bytes
2025/07/04 15:17:31 ServeHTTP(https://tma.ifip.org/2017/wp-content/uploads/sites/7/2016/07/IMG_0450-600x450.jpg): serving 200, 45806 bytes
2025/07/04 15:17:31 ServeHTTP(https://tma.ifip.org/2017/wp-content/uploads/sites/7/2016/07/IMG_0449-600x450.jpg): serving 200, 58948 bytes
2025/07/04 15:17:31 ServeHTTP(https://tma.ifip.org/2017/wp-content/uploads/sites/7/2016/07/IMG_0459-600x450.jpg): serving 200, 63391 bytes
2025/07/04 15:17:31 ServeHTTP(https://tma.ifip.org/2017/wp-content/uploads/sites/7/2016/07/IMG_0456-600x450.jpg): serving 200, 59945 bytes
2025/07/04 15:17:31 ServeHTTP(https://tma.ifip.org/2017/wp-content/uploads/sites/7/2016/07/IMG_0461-600x450.jpg): serving 200, 65522 bytes
2025/07/04 15:17:31 ServeHTTP(https://tma.ifip.org/2017/wp-content/uploads/sites/7/2016/07/IMG_0462-600x450.jpg): serving 200, 56861 bytes
2025/07/04 15:17:31 ServeHTTP(https://tma.ifip.org/2017/wp-content/uploads/sites/7/2016/07/IMG_0463-600x450.jpg): serving 200, 75881 bytes
2025/07/04 15:17:31 ServeHTTP(https://tma.ifip.org/2017/wp-content/uploads/sites/7/2016/07/IMG_0464-600x450.jpg): serving 200, 66608 bytes
2025/07/04 15:17:31 ServeHTTP(https://tma.ifip.org/2017/wp-content/uploads/sites/7/2016/07/IMG_0472-600x450.jpg): serving 200, 33673 bytes
2025/07/04 15:17:31 ServeHTTP(https://tma.ifip.org/2017/wp-content/uploads/sites/7/2016/07/IMG_0469-600x450.jpg): serving 200, 34434 bytes
2025/07/04 15:17:31 ServeHTTP(https://www.googletagmanager.com/gtag/js?id=G-GYVK301NVR&cx=c&_slc=1): serving 200, 122448 bytes
2025/07/04 15:17:31 ServeHTTP(https://region1.google-analytics.com/g/collect?v=2&tid=G-GYVK301NVR&gtm=45je5710v9108812881za200&_p=1751641887000&gcd=13l3l3l2l2l1&npa=0&dma_cps=syphamo&dma=1&tag_exp=101509157~103116026~103200004~103233427~103351869~103351871~104684208~104684211~104718208~104839054~104839056~104885889~104885891&ul=en-us&sr=800x600&cid=902295263.1751641887&ir=1&uaa=x86&uab=64&uafvl=Not)A%253BBrand%3B8.0.0.0%7CChromium%3B138.0.7204.49%7CGoogle%2520Chrome%3B138.0.7204.49&uamb=0&uam=&uap=Linux&uapv=6.11.0&uaw=0&are=1&frm=0&pscdl=noapi&_eu=EBAI&_s=1&dl=https%3A%2F%2Ftma.ifip.org%2F2017%2F&dt=TMA%20Conference%202017&sid=1751641887&sct=1&seg=0&_tu=wAQ&en=page_view&_fv=1&_ss=1&_ee=1&tfd=3005): serving 204, 0 bytes
2025/07/04 15:17:31 ServeHTTP(https://tma.ifip.org/favicon.ico): serving 302, 0 bytes
2025/07/04 15:17:31 ServeHTTP(https://tma.ifip.org/wp-includes/images/w-logo-blue-white-bg.png): serving 200, 4119 bytes
2025/07/04 15:17:34 ServeHTTP(https://android.clients.google.com/checkin): serving 200, 472 bytes
2025/07/04 15:17:34 ServeHTTP(https://android.clients.google.com/c2dm/register3): serving 200, 50 bytes
2025/07/04 15:17:34 ServeHTTP(https://android.clients.google.com/c2dm/register3): serving 200, 50 bytes
2025/07/04 15:17:49 ServeHTTP(https://accounts.google.com/ListAccounts?gpsia=1&source=ChromiumBrowser&json=standard): serving 200, 43 bytes
2025/07/04 15:17:50 ScriptInjector(https://tma.ifip.org/2018/): succesfully injected
2025/07/04 15:17:50 ServeHTTP(https://tma.ifip.org/2018/): serving 200, 14183 bytes
2025/07/04 15:17:50 ServeHTTP(https://tma.ifip.org/2018/wp-includes/css/dist/block-library/style.min.css?ver=6.8.1): serving 200, 15323 bytes
2025/07/04 15:17:50 ServeHTTP(https://tma.ifip.org/2018/wp-content/themes/spacious/font-awesome/library/font-awesome/css/solid.min.css?ver=6.2.4): serving 200, 325 bytes
2025/07/04 15:17:50 ServeHTTP(https://tma.ifip.org/2018/wp-content/themes/spacious/font-awesome/library/font-awesome/css/v4-shims.min.css?ver=4.7.0): serving 200, 4113 bytes
2025/07/04 15:17:50 ServeHTTP(https://tma.ifip.org/2018/wp-content/themes/spacious/font-awesome/library/font-awesome/css/regular.min.css?ver=6.2.4): serving 200, 326 bytes
2025/07/04 15:17:50 ServeHTTP(https://tma.ifip.org/2018/wp-content/themes/spacious/font-awesome/library/font-awesome/css/brands.min.css?ver=6.2.4): serving 200, 4833 bytes
2025/07/04 15:17:50 ServeHTTP(https://tma.ifip.org/2018/wp-content/themes/spacious/style.css?ver=6.8.1): serving 200, 13486 bytes
2025/07/04 15:17:50 ServeHTTP(https://tma.ifip.org/2018/wp-includes/js/jquery/jquery-migrate.min.js?ver=3.4.1): serving 200, 4872 bytes
2025/07/04 15:17:50 ServeHTTP(https://tma.ifip.org/2018/wp-content/themes/spacious/font-awesome/library/font-awesome/css/all.min.css?ver=6.2.4): serving 200, 29808 bytes
2025/07/04 15:17:50 ServeHTTP(https://tma.ifip.org/2018/wp-content/themes/spacious/genericons/genericons.css?ver=3.3.1): serving 200, 16468 bytes
2025/07/04 15:17:51 ServeHTTP(https://tma.ifip.org/2018/wp-content/themes/spacious/js/spacious-custom.js?ver=6.8.1): serving 200, 1020 bytes
2025/07/04 15:17:51 ServeHTTP(https://tma.ifip.org/2018/wp-content/themes/spacious/font-awesome/css/font-awesome.min.css?ver=4.7.1): serving 200, 23431 bytes
2025/07/04 15:17:51 ServeHTTP(https://tma.ifip.org/2018/wp-includes/js/jquery/jquery.min.js?ver=3.7.1): serving 200, 30368 bytes
2025/07/04 15:17:51 ServeHTTP(https://tma.ifip.org/2018/wp-content/uploads/sites/3/2018/06/tma_2018_logo_new_font.png): serving 200, 92815 bytes
2025/07/04 15:17:51 ServeHTTP(https://tma.ifip.org/2018/wp-content/uploads/sites/3/2017/10/techgate_tma_2018.png): serving 200, 583865 bytes
2025/07/04 15:17:51 ServeHTTP(https://tma.ifip.org/2018/wp-content/uploads/sites/3/siteorigin-widgets/sow-image-default-8b5b6f678277.css?ver=6.8.1): serving 200, 224 bytes
2025/07/04 15:17:51 ServeHTTP(https://tma.ifip.org/2018/wp-content/plugins/siteorigin-panels/css/front-flex.min.css?ver=2.32.1): serving 200, 563 bytes
2025/07/04 15:17:51 ServeHTTP(https://tma.ifip.org/2018/wp-content/uploads/sites/3/siteorigin-widgets/sow-image-default-c67d20f9f743.css?ver=6.8.1): serving 200, 239 bytes
2025/07/04 15:17:51 ServeHTTP(https://tma.ifip.org/2018/wp-content/themes/spacious/js/skip-link-focus-fix.js?ver=6.8.1): serving 200, 425 bytes
2025/07/04 15:17:51 ServeHTTP(https://tma.ifip.org/2018/wp-content/themes/spacious/js/navigation.js?ver=6.8.1): serving 200, 2648 bytes
2025/07/04 15:17:51 ServeHTTP(https://tma.ifip.org/2018/wp-content/uploads/sites/3/2018/02/ieee-comsoc.png): serving 200, 19101 bytes
2025/07/04 15:17:51 ServeHTTP(https://tma.ifip.org/2018/wp-content/uploads/sites/3/2018/02/ieee_mb_blue.gif): serving 200, 3035 bytes
2025/07/04 15:17:51 ServeHTTP(https://tma.ifip.org/2018/wp-content/uploads/sites/3/2017/12/logoIFIP-150x150.gif): serving 200, 87007 bytes
2025/07/04 15:17:51 ServeHTTP(https://tma.ifip.org/2018/wp-content/uploads/sites/3/2018/02/acm_sigcomm_in_coop.png): serving 200, 245933 bytes
2025/07/04 15:17:51 ServeHTTP(https://tma.ifip.org/2018/wp-content/uploads/sites/3/2018/05/vdms_logo.png): serving 200, 18208 bytes
2025/07/04 15:17:51 ServeHTTP(https://tma.ifip.org/2018/wp-content/uploads/sites/3/2018/01/workshop-Big-DAMA-2018-logo.jpg): serving 200, 52208 bytes
2025/07/04 15:17:51 ServeHTTP(https://tma.ifip.org/2018/wp-content/themes/spacious/assets/fonts/Lato-Bold.woff): serving 200, 36784 bytes
2025/07/04 15:17:51 ServeHTTP(https://tma.ifip.org/2018/wp-content/themes/spacious/assets/fonts/Lato-Regular.woff): serving 200, 37580 bytes
2025/07/04 15:17:51 ServeHTTP(https://tma.ifip.org/2018/wp-content/uploads/sites/3/2017/10/aws_logo.png): serving 200, 46809 bytes
2025/07/04 15:17:51 ServeHTTP(https://tma.ifip.org/2018/wp-content/uploads/sites/3/2018/01/thousand-eyes-300x212.jpg): serving 200, 13876 bytes
2025/07/04 15:17:51 ServeHTTP(https://tma.ifip.org/2018/wp-content/uploads/sites/3/2018/01/Akamai_Logo_New.png): serving 200, 7661 bytes
2025/07/04 15:17:51 ServeHTTP(https://tma.ifip.org/2018/wp-content/uploads/sites/3/2017/10/decix.png): serving 200, 3903 bytes
2025/07/04 15:17:51 ServeHTTP(https://tma.ifip.org/2018/wp-content/uploads/sites/3/2018/01/Measurement-Lab-Logo-300x89.png): serving 200, 4267 bytes
2025/07/04 15:17:51 ServeHTTP(https://tma.ifip.org/2018/wp-content/uploads/sites/3/2018/03/sie-logo-layer-claim-petrol-rgb.jpg): serving 200, 122795 bytes
2025/07/04 15:17:51 ServeHTTP(https://tma.ifip.org/2018/wp-includes/js/wp-emoji-release.min.js?ver=6.8.1): serving 200, 5166 bytes
2025/07/04 15:17:51 ServeHTTP(https://tma.ifip.org/2018/wp-content/uploads/sites/3/2018/01/newnet.png): serving 200, 32128 bytes
2025/07/04 15:17:51 ServeHTTP(https://tma.ifip.org/2018/wp-content/uploads/sites/3/2018/01/sigcomm-300x115.png): serving 200, 23724 bytes
2025/07/04 15:17:51 ServeHTTP(https://tma.ifip.org/2018/wp-content/uploads/sites/3/2017/10/RIPE_NCC_Logo2015.png): serving 200, 44112 bytes
2025/07/04 15:17:51 ServeHTTP(https://tma.ifip.org/2018/wp-content/uploads/sites/3/2018/02/Systemics_PAB.jpg): serving 200, 148383 bytes
2025/07/04 15:17:51 ServeHTTP(https://tma.ifip.org/favicon.ico): serving 302, 0 bytes
2025/07/04 15:17:51 ServeHTTP(https://tma.ifip.org/wp-includes/images/w-logo-blue-white-bg.png): serving 200, 4119 bytes
2025/07/04 15:17:53 ServeHTTP(https://android.clients.google.com/checkin): serving 200, 474 bytes
2025/07/04 15:17:54 ServeHTTP(https://android.clients.google.com/c2dm/register3): serving 200, 50 bytes
2025/07/04 15:17:54 ServeHTTP(https://android.clients.google.com/c2dm/register3): serving 200, 50 bytes
2025/07/04 15:18:11 ServeHTTP(https://accounts.google.com/ListAccounts?gpsia=1&source=ChromiumBrowser&json=standard): serving 200, 43 bytes
2025/07/04 15:18:11 ScriptInjector(https://tma.ifip.org/2019/): succesfully injected
2025/07/04 15:18:11 ServeHTTP(https://tma.ifip.org/2019/): serving 200, 14542 bytes
2025/07/04 15:18:11 ServeHTTP(https://tma.ifip.org/2019/wp-content/themes/spacious/font-awesome/library/font-awesome/css/v4-shims.min.css?ver=4.7.0): serving 200, 4113 bytes
2025/07/04 15:18:11 ServeHTTP(https://tma.ifip.org/2019/wp-includes/css/dist/block-library/style.min.css?ver=6.8.1): serving 200, 15323 bytes
2025/07/04 15:18:11 ServeHTTP(https://tma.ifip.org/2019/wp-includes/js/jquery/jquery-migrate.min.js?ver=3.4.1): serving 200, 4872 bytes
2025/07/04 15:18:11 ServeHTTP(https://tma.ifip.org/2019/wp-content/themes/spacious/font-awesome/library/font-awesome/css/solid.min.css?ver=6.2.4): serving 200, 325 bytes
2025/07/04 15:18:11 ServeHTTP(https://tma.ifip.org/2019/wp-content/themes/spacious/font-awesome/library/font-awesome/css/brands.min.css?ver=6.2.4): serving 200, 4833 bytes
2025/07/04 15:18:11 ServeHTTP(https://tma.ifip.org/2019/wp-content/themes/spacious/font-awesome/library/font-awesome/css/regular.min.css?ver=6.2.4): serving 200, 326 bytes
2025/07/04 15:18:11 ServeHTTP(https://tma.ifip.org/2019/wp-content/themes/spacious/genericons/genericons.css?ver=3.3.1): serving 200, 16468 bytes
2025/07/04 15:18:11 ServeHTTP(https://tma.ifip.org/2019/wp-content/themes/spacious/font-awesome/library/font-awesome/css/all.min.css?ver=6.2.4): serving 200, 29808 bytes
2025/07/04 15:18:11 ServeHTTP(https://tma.ifip.org/2019/wp-content/themes/spacious/js/spacious-custom.js?ver=6.8.1): serving 200, 1020 bytes
2025/07/04 15:18:11 ServeHTTP(https://tma.ifip.org/2019/wp-content/themes/spacious/style.css?ver=6.8.1): serving 200, 13486 bytes
2025/07/04 15:18:11 ServeHTTP(https://tma.ifip.org/2019/wp-content/themes/spacious/font-awesome/css/font-awesome.min.css?ver=4.7.1): serving 200, 23431 bytes
2025/07/04 15:18:11 ServeHTTP(https://tma.ifip.org/2019/wp-includes/js/jquery/jquery.min.js?ver=3.7.1): serving 200, 30368 bytes
2025/07/04 15:18:11 ServeHTTP(https://tma.ifip.org/2019/wp-content/uploads/sites/8/2018/10/tma_2019_logo_france.png): serving 200, 43890 bytes
2025/07/04 15:18:11 ServeHTTP(https://tma.ifip.org/2019/wp-content/uploads/sites/8/2019/05/program.png): serving 200, 153206 bytes
2025/07/04 15:18:11 ServeHTTP(https://tma.ifip.org/2019/wp-content/uploads/sites/8/2019/05/cropped-sladjana-karvounis-424406-unsplash-2.png): serving 200, 1379969 bytes
2025/07/04 15:18:11 ServeHTTP(https://tma.ifip.org/2019/wp-content/uploads/sites/8/siteorigin-widgets/sow-image-default-8b5b6f678277.css?ver=6.8.1): serving 200, 224 bytes
2025/07/04 15:18:11 ServeHTTP(https://tma.ifip.org/2019/wp-content/uploads/sites/8/siteorigin-widgets/sow-image-default-c67d20f9f743.css?ver=6.8.1): serving 200, 239 bytes
2025/07/04 15:18:11 ServeHTTP(https://tma.ifip.org/2019/wp-content/plugins/siteorigin-panels/css/front-flex.min.css?ver=2.32.1): serving 200, 563 bytes
2025/07/04 15:18:11 ServeHTTP(https://tma.ifip.org/2019/wp-content/themes/spacious/js/navigation.js?ver=6.8.1): serving 200, 2648 bytes
2025/07/04 15:18:11 ServeHTTP(https://tma.ifip.org/2019/wp-content/themes/spacious/js/skip-link-focus-fix.js?ver=6.8.1): serving 200, 425 bytes
2025/07/04 15:18:12 ServeHTTP(https://tma.ifip.org/2019/wp-content/uploads/sites/8/2018/02/ieee_mb_blue.gif): serving 200, 3035 bytes
2025/07/04 15:18:12 ServeHTTP(https://tma.ifip.org/2019/wp-content/uploads/sites/8/2018/02/ieee-comsoc.png): serving 200, 19101 bytes
2025/07/04 15:18:12 ServeHTTP(https://tma.ifip.org/2019/wp-content/themes/spacious/assets/fonts/Lato-Bold.woff): serving 200, 36784 bytes
2025/07/04 15:18:12 ServeHTTP(https://tma.ifip.org/2019/wp-content/themes/spacious/assets/fonts/Lato-Regular.woff): serving 200, 37580 bytes
2025/07/04 15:18:12 ServeHTTP(https://tma.ifip.org/2019/wp-content/uploads/sites/8/2017/12/logoIFIP-150x150.gif): serving 200, 87007 bytes
2025/07/04 15:18:12 ServeHTTP(https://tma.ifip.org/2019/wp-content/uploads/sites/8/2018/11/acm_sigcomm_in_coop.png): serving 200, 245933 bytes
2025/07/04 15:18:12 ServeHTTP(https://tma.ifip.org/2019/wp-content/uploads/sites/8/2018/01/Akamai_Logo_New.png): serving 200, 7661 bytes
2025/07/04 15:18:12 ServeHTTP(https://tma.ifip.org/2019/wp-content/uploads/sites/8/2018/12/newnet-3.png): serving 200, 85884 bytes
2025/07/04 15:18:12 ServeHTTP(https://tma.ifip.org/2019/wp-content/uploads/sites/8/2018/01/Measurement-Lab-Logo.png): serving 200, 17979 bytes
2025/07/04 15:18:12 ServeHTTP(https://tma.ifip.org/2019/wp-content/uploads/sites/8/2019/06/Templates_Logos_CONCORDIA-1.jpeg): serving 200, 22625 bytes
2025/07/04 15:18:12 ServeHTTP(https://tma.ifip.org/2019/wp-content/uploads/sites/8/2018/11/decix-copy-1.png): serving 200, 15740 bytes
2025/07/04 15:18:12 ServeHTTP(https://tma.ifip.org/2019/wp-content/uploads/sites/8/2018/12/huawei-150x150.png): serving 200, 16398 bytes
2025/07/04 15:18:12 ServeHTTP(https://tma.ifip.org/2019/wp-content/uploads/sites/8/2019/06/Image-12-06-2019-a%CC%80-18.23.jpg): serving 200, 137167 bytes
2025/07/04 15:18:12 ServeHTTP(https://tma.ifip.org/2019/wp-content/uploads/sites/8/2017/10/RIPE_NCC_Logo2015-300x73.png): serving 200, 15599 bytes
2025/07/04 15:18:12 ServeHTTP(https://tma.ifip.org/2019/wp-content/uploads/sites/8/2019/01/onf-logo.jpg): serving 200, 16306 bytes
2025/07/04 15:18:12 ServeHTTP(https://tma.ifip.org/2019/wp-content/uploads/sites/8/2018/11/sigcomm.png): serving 200, 32198 bytes
2025/07/04 15:18:12 ServeHTTP(https://tma.ifip.org/2019/wp-content/uploads/sites/8/2019/01/gandi-300x89.png): serving 200, 10578 bytes
2025/07/04 15:18:12 ServeHTTP(https://tma.ifip.org/2019/wp-includes/js/wp-emoji-release.min.js?ver=6.8.1): serving 200, 5166 bytes
2025/07/04 15:18:12 ServeHTTP(https://tma.ifip.org/2019/wp-content/uploads/sites/8/2018/01/thousand-eyes.jpg): serving 200, 63693 bytes
2025/07/04 15:18:12 ServeHTTP(https://c.statcounter.com/11896360/0/82e2fdee/1/): serving 200, 49 bytes
2025/07/04 15:18:12 ServeHTTP(https://tma.ifip.org/favicon.ico): serving 302, 0 bytes
2025/07/04 15:18:12 ServeHTTP(https://tma.ifip.org/wp-includes/images/w-logo-blue-white-bg.png): serving 200, 4119 bytes
2025/07/04 15:18:16 ServeHTTP(https://android.clients.google.com/checkin): serving 200, 473 bytes
2025/07/04 15:18:16 ServeHTTP(https://android.clients.google.com/c2dm/register3): serving 200, 50 bytes
2025/07/04 15:18:17 ServeHTTP(https://android.clients.google.com/c2dm/register3): serving 200, 150 bytes
2025/07/04 15:18:30 ServeHTTP(https://accounts.google.com/ListAccounts?gpsia=1&source=ChromiumBrowser&json=standard): serving 200, 43 bytes
2025/07/04 15:18:32 ScriptInjector(https://tma.ifip.org/2020/): succesfully injected
2025/07/04 15:18:32 ServeHTTP(https://tma.ifip.org/2020/): serving 200, 12499 bytes
2025/07/04 15:18:32 ServeHTTP(https://tma.ifip.org/2020/wp-content/themes/spacious/font-awesome/library/font-awesome/css/v4-shims.min.css?ver=4.7.0): serving 200, 4113 bytes
2025/07/04 15:18:32 ServeHTTP(https://tma.ifip.org/2020/wp-includes/css/dist/block-library/style.min.css?ver=6.8.1): serving 200, 15323 bytes
2025/07/04 15:18:32 ServeHTTP(https://tma.ifip.org/2020/wp-content/themes/spacious/font-awesome/library/font-awesome/css/solid.min.css?ver=6.2.4): serving 200, 325 bytes
2025/07/04 15:18:32 ServeHTTP(https://tma.ifip.org/2020/wp-content/themes/spacious/font-awesome/library/font-awesome/css/regular.min.css?ver=6.2.4): serving 200, 326 bytes
2025/07/04 15:18:32 ServeHTTP(https://tma.ifip.org/2020/wp-content/themes/spacious/font-awesome/library/font-awesome/css/brands.min.css?ver=6.2.4): serving 200, 4833 bytes
2025/07/04 15:18:32 ServeHTTP(https://tma.ifip.org/2020/wp-content/themes/spacious/style.css?ver=6.8.1): serving 200, 13486 bytes
2025/07/04 15:18:32 ServeHTTP(https://tma.ifip.org/2020/wp-content/themes/spacious/genericons/genericons.css?ver=3.3.1): serving 200, 16468 bytes
2025/07/04 15:18:32 ServeHTTP(https://tma.ifip.org/2020/wp-includes/js/jquery/jquery.min.js?ver=3.7.1): serving 200, 30368 bytes
2025/07/04 15:18:32 ServeHTTP(https://tma.ifip.org/2020/wp-content/themes/spacious/font-awesome/css/font-awesome.min.css?ver=4.7.1): serving 200, 23431 bytes
2025/07/04 15:18:32 ServeHTTP(https://tma.ifip.org/2020/wp-content/themes/spacious/font-awesome/library/font-awesome/css/all.min.css?ver=6.2.4): serving 200, 29808 bytes
2025/07/04 15:18:32 ServeHTTP(https://tma.ifip.org/2020/wp-content/themes/spacious/js/spacious-custom.js?ver=6.8.1): serving 200, 1020 bytes
2025/07/04 15:18:32 ServeHTTP(https://tma.ifip.org/2020/wp-includes/js/jquery/jquery-migrate.min.js?ver=3.4.1): serving 200, 4872 bytes
2025/07/04 15:18:32 ServeHTTP(https://tma.ifip.org/2020/wp-content/uploads/sites/9/2019/10/tma_2020_logo_germany_no_name.png): serving 200, 72549 bytes
2025/07/04 15:18:32 ServeHTTP(https://tma.ifip.org/2020/wp-content/uploads/sites/9/2019/09/Brandenburg_Gate_panorama_at_night.jpg): serving 200, 2307642 bytes
2025/07/04 15:18:32 ServeHTTP(https://tma.ifip.org/2020/wp-content/uploads/sites/9/siteorigin-widgets/sow-image-default-8b5b6f678277.css?ver=6.8.1): serving 200, 224 bytes
2025/07/04 15:18:32 ServeHTTP(https://tma.ifip.org/2020/wp-content/uploads/sites/9/siteorigin-widgets/sow-image-default-c67d20f9f743.css?ver=6.8.1): serving 200, 239 bytes
2025/07/04 15:18:32 ServeHTTP(https://tma.ifip.org/2020/wp-content/plugins/siteorigin-panels/css/front-flex.min.css?ver=2.32.1): serving 200, 563 bytes
2025/07/04 15:18:32 ServeHTTP(https://tma.ifip.org/2020/wp-content/themes/spacious/js/skip-link-focus-fix.js?ver=6.8.1): serving 200, 425 bytes
2025/07/04 15:18:32 ServeHTTP(https://tma.ifip.org/2020/wp-content/themes/spacious/js/navigation.js?ver=6.8.1): serving 200, 2648 bytes
2025/07/04 15:18:32 ServeHTTP(https://tma.ifip.org/2020/wp-content/uploads/sites/9/2019/09/logoIFIP-150x150.gif): serving 200, 87007 bytes
2025/07/04 15:18:32 ServeHTTP(https://tma.ifip.org/2020/wp-content/uploads/sites/9/2020/01/IFIP_TC6.png): serving 200, 24460 bytes
2025/07/04 15:18:32 ServeHTTP(https://tma.ifip.org/2020/wp-content/uploads/sites/9/2019/09/acm_sigcomm_in_coop.png): serving 200, 245933 bytes
2025/07/04 15:18:32 ServeHTTP(https://tma.ifip.org/2020/wp-content/themes/spacious/assets/fonts/Lato-Regular.woff): serving 200, 37580 bytes
2025/07/04 15:18:32 ServeHTTP(https://tma.ifip.org/2020/wp-content/themes/spacious/assets/fonts/Lato-Bold.woff): serving 200, 36784 bytes
2025/07/04 15:18:32 ServeHTTP(https://tma.ifip.org/2020/wp-content/uploads/sites/9/2020/02/verizon.png): serving 200, 33332 bytes
2025/07/04 15:18:32 ServeHTTP(https://tma.ifip.org/2020/wp-content/uploads/sites/9/2020/01/SIDN-Labs.png): serving 200, 60196 bytes
2025/07/04 15:18:32 ServeHTTP(https://tma.ifip.org/2020/wp-includes/js/wp-emoji-release.min.js?ver=6.8.1): serving 200, 5166 bytes
2025/07/04 15:18:32 ServeHTTP(https://tma.ifip.org/2020/wp-content/uploads/sites/9/2020/02/RIPE_NCC_logo.png): serving 200, 44112 bytes
2025/07/04 15:18:33 ServeHTTP(https://tma.ifip.org/favicon.ico): serving 302, 0 bytes
2025/07/04 15:18:33 ServeHTTP(https://tma.ifip.org/wp-includes/images/w-logo-blue-white-bg.png): serving 200, 4119 bytes
2025/07/04 15:18:35 ServeHTTP(https://android.clients.google.com/checkin): serving 200, 473 bytes
2025/07/04 15:18:35 ServeHTTP(https://android.clients.google.com/c2dm/register3): serving 200, 50 bytes
2025/07/04 15:18:35 ServeHTTP(https://android.clients.google.com/c2dm/register3): serving 200, 50 bytes
2025/07/04 15:18:52 ServeHTTP(https://accounts.google.com/ListAccounts?gpsia=1&source=ChromiumBrowser&json=standard): serving 200, 43 bytes
2025/07/04 15:18:53 ScriptInjector(https://tma.ifip.org/2021/): succesfully injected
2025/07/04 15:18:53 ServeHTTP(https://tma.ifip.org/2021/): serving 200, 10643 bytes
2025/07/04 15:18:53 ServeHTTP(https://tma.ifip.org/2021/wp-content/themes/spacious/font-awesome/library/font-awesome/css/regular.min.css?ver=6.2.4): serving 200, 326 bytes
2025/07/04 15:18:53 ServeHTTP(https://tma.ifip.org/2021/wp-content/themes/spacious/font-awesome/library/font-awesome/css/solid.min.css?ver=6.2.4): serving 200, 325 bytes
2025/07/04 15:18:53 ServeHTTP(https://tma.ifip.org/2021/wp-includes/css/dist/block-library/style.min.css?ver=6.8.1): serving 200, 15323 bytes
2025/07/04 15:18:53 ServeHTTP(https://tma.ifip.org/2021/wp-content/themes/spacious/font-awesome/library/font-awesome/css/brands.min.css?ver=6.2.4): serving 200, 4833 bytes
2025/07/04 15:18:53 ServeHTTP(https://tma.ifip.org/2021/wp-content/themes/spacious/font-awesome/library/font-awesome/css/all.min.css?ver=6.2.4): serving 200, 29808 bytes
2025/07/04 15:18:53 ServeHTTP(https://tma.ifip.org/2021/wp-content/themes/spacious/font-awesome/library/font-awesome/css/v4-shims.min.css?ver=4.7.0): serving 200, 4113 bytes
2025/07/04 15:18:53 ServeHTTP(https://tma.ifip.org/2021/wp-includes/js/jquery/jquery-migrate.min.js?ver=3.4.1): serving 200, 4872 bytes
2025/07/04 15:18:53 ServeHTTP(https://tma.ifip.org/2021/wp-content/themes/spacious/js/spacious-custom.js?ver=6.8.1): serving 200, 1020 bytes
2025/07/04 15:18:53 ServeHTTP(https://tma.ifip.org/2021/wp-content/themes/spacious/style.css?ver=6.8.1): serving 200, 13486 bytes
2025/07/04 15:18:53 ServeHTTP(https://tma.ifip.org/2021/wp-content/themes/spacious/font-awesome/css/font-awesome.min.css?ver=4.7.1): serving 200, 23431 bytes
2025/07/04 15:18:53 ServeHTTP(https://tma.ifip.org/2021/wp-content/themes/spacious/genericons/genericons.css?ver=3.3.1): serving 200, 16468 bytes
2025/07/04 15:18:53 ServeHTTP(https://tma.ifip.org/2021/wp-includes/js/jquery/jquery.min.js?ver=3.7.1): serving 200, 30368 bytes
2025/07/04 15:18:53 ServeHTTP(https://tma.ifip.org/2021/wp-content/uploads/sites/10/2021/02/cropped-photo-1451187580459-43490279c0fa-2.jpeg): serving 200, 96297 bytes
2025/07/04 15:18:53 ServeHTTP(https://tma.ifip.org/2021/wp-content/uploads/sites/10/2019/09/cropped-cropped-tma-conference-logo_1.png): serving 200, 111390 bytes
2025/07/04 15:18:53 ServeHTTP(https://tma.ifip.org/2021/wp-content/uploads/sites/10/siteorigin-widgets/sow-image-default-8b5b6f678277.css?ver=6.8.1): serving 200, 224 bytes
2025/07/04 15:18:53 ServeHTTP(https://tma.ifip.org/2021/wp-content/plugins/siteorigin-panels/css/front-flex.min.css?ver=2.32.1): serving 200, 563 bytes
2025/07/04 15:18:53 ServeHTTP(https://tma.ifip.org/2021/wp-content/themes/spacious/js/skip-link-focus-fix.js?ver=6.8.1): serving 200, 425 bytes
2025/07/04 15:18:53 ServeHTTP(https://tma.ifip.org/2021/wp-content/themes/spacious/js/navigation.js?ver=6.8.1): serving 200, 2648 bytes
2025/07/04 15:18:53 ServeHTTP(https://tma.ifip.org/2021/wp-content/themes/spacious/assets/fonts/Lato-Regular.woff): serving 200, 37580 bytes
2025/07/04 15:18:53 ServeHTTP(https://tma.ifip.org/2021/wp-content/themes/spacious/assets/fonts/Lato-Bold.woff): serving 200, 36784 bytes
2025/07/04 15:18:53 ServeHTTP(https://tma.ifip.org/2021/wp-content/uploads/sites/10/2020/01/IFIP_TC6.png): serving 200, 24460 bytes
2025/07/04 15:18:53 ServeHTTP(https://tma.ifip.org/2021/wp-content/themes/spacious/assets/fonts/Lato-Black.woff): serving 200, 36172 bytes
2025/07/04 15:18:53 ServeHTTP(https://tma.ifip.org/2021/wp-includes/js/wp-emoji-release.min.js?ver=6.8.1): serving 200, 5166 bytes
2025/07/04 15:18:54 ServeHTTP(https://tma.ifip.org/favicon.ico): serving 302, 0 bytes
2025/07/04 15:18:54 ServeHTTP(https://tma.ifip.org/wp-includes/images/w-logo-blue-white-bg.png): serving 200, 4119 bytes
2025/07/04 15:18:56 ServeHTTP(https://android.clients.google.com/checkin): serving 200, 471 bytes
2025/07/04 15:18:56 ServeHTTP(https://android.clients.google.com/c2dm/register3): serving 200, 50 bytes
2025/07/04 15:18:56 ServeHTTP(https://android.clients.google.com/c2dm/register3): serving 200, 50 bytes
2025/07/04 15:19:12 ServeHTTP(https://accounts.google.com/ListAccounts?gpsia=1&source=ChromiumBrowser&json=standard): serving 200, 43 bytes
2025/07/04 15:19:13 ScriptInjector(https://tma.ifip.org/2022/): succesfully injected
2025/07/04 15:19:13 ServeHTTP(https://tma.ifip.org/2022/): serving 200, 11355 bytes
2025/07/04 15:19:13 ServeHTTP(https://tma.ifip.org/2022/wp-content/themes/spacious/font-awesome/library/font-awesome/css/v4-shims.min.css?ver=4.7.0): serving 200, 4113 bytes
2025/07/04 15:19:13 ServeHTTP(https://tma.ifip.org/2022/wp-includes/css/dist/block-library/style.min.css?ver=6.8.1): serving 200, 15323 bytes
2025/07/04 15:19:13 ServeHTTP(https://tma.ifip.org/2022/wp-content/themes/spacious/font-awesome/library/font-awesome/css/regular.min.css?ver=6.2.4): serving 200, 326 bytes
2025/07/04 15:19:13 ServeHTTP(https://tma.ifip.org/2022/wp-content/themes/spacious/font-awesome/library/font-awesome/css/all.min.css?ver=6.2.4): serving 200, 29808 bytes
2025/07/04 15:19:13 ServeHTTP(https://tma.ifip.org/2022/wp-content/themes/spacious/font-awesome/library/font-awesome/css/brands.min.css?ver=6.2.4): serving 200, 4833 bytes
2025/07/04 15:19:13 ServeHTTP(https://tma.ifip.org/2022/wp-content/themes/spacious/font-awesome/library/font-awesome/css/solid.min.css?ver=6.2.4): serving 200, 325 bytes
2025/07/04 15:19:13 ServeHTTP(https://tma.ifip.org/2022/wp-includes/js/jquery/jquery-migrate.min.js?ver=3.4.1): serving 200, 4872 bytes
2025/07/04 15:19:13 ServeHTTP(https://tma.ifip.org/2022/wp-content/themes/spacious/style.css?ver=6.8.1): serving 200, 13486 bytes
2025/07/04 15:19:13 ServeHTTP(https://tma.ifip.org/2022/wp-content/themes/spacious/js/spacious-custom.js?ver=6.8.1): serving 200, 1020 bytes
2025/07/04 15:19:13 ServeHTTP(https://tma.ifip.org/2022/wp-content/uploads/sites/11/2019/09/cropped-cropped-tma-conference-logo_1.png): serving 200, 111390 bytes
2025/07/04 15:19:13 ServeHTTP(https://tma.ifip.org/2022/wp-content/uploads/sites/11/2021/12/cropped-UT_header.jpg): serving 200, 178928 bytes
2025/07/04 15:19:13 ServeHTTP(https://tma.ifip.org/2022/wp-content/themes/spacious/font-awesome/css/font-awesome.min.css?ver=4.7.1): serving 200, 23431 bytes
2025/07/04 15:19:13 ServeHTTP(https://tma.ifip.org/2022/wp-content/themes/spacious/genericons/genericons.css?ver=3.3.1): serving 200, 16468 bytes
2025/07/04 15:19:13 ServeHTTP(https://tma.ifip.org/2022/wp-includes/js/jquery/jquery.min.js?ver=3.7.1): serving 200, 30368 bytes
2025/07/04 15:19:13 ServeHTTP(https://tma.ifip.org/2022/wp-content/uploads/sites/11/siteorigin-widgets/sow-image-default-8b5b6f678277.css?ver=6.8.1): serving 200, 224 bytes
2025/07/04 15:19:13 ServeHTTP(https://tma.ifip.org/2022/wp-content/plugins/siteorigin-panels/css/front-flex.min.css?ver=2.32.1): serving 200, 563 bytes
2025/07/04 15:19:13 ServeHTTP(https://tma.ifip.org/2022/wp-content/themes/spacious/js/navigation.js?ver=6.8.1): serving 200, 2648 bytes
2025/07/04 15:19:13 ServeHTTP(https://tma.ifip.org/2022/wp-content/themes/spacious/js/skip-link-focus-fix.js?ver=6.8.1): serving 200, 425 bytes
2025/07/04 15:19:13 ServeHTTP(https://tma.ifip.org/2022/wp-content/themes/spacious/assets/fonts/Lato-Bold.woff): serving 200, 36784 bytes
2025/07/04 15:19:13 ServeHTTP(https://tma.ifip.org/2022/wp-content/themes/spacious/assets/fonts/Lato-Regular.woff): serving 200, 37580 bytes
2025/07/04 15:19:13 ServeHTTP(https://tma.ifip.org/2022/wp-content/uploads/sites/11/2022/04/RIPE_NCC_logo-300x73.png): serving 200, 12609 bytes
2025/07/04 15:19:13 ServeHTTP(https://tma.ifip.org/2022/wp-content/uploads/sites/11/2022/04/ams-ix-logo-300x259.png): serving 200, 21061 bytes
2025/07/04 15:19:13 ServeHTTP(https://tma.ifip.org/2022/wp-content/uploads/sites/11/2020/01/IFIP_TC6.png): serving 200, 24460 bytes
2025/07/04 15:19:13 ServeHTTP(https://tma.ifip.org/2022/wp-content/uploads/sites/11/2022/04/SIDN-Labs-300x196.png): serving 200, 17098 bytes
2025/07/04 15:19:13 ServeHTTP(https://tma.ifip.org/2022/wp-includes/js/wp-emoji-release.min.js?ver=6.8.1): serving 200, 5166 bytes
2025/07/04 15:19:13 ServeHTTP(https://tma.ifip.org/favicon.ico): serving 302, 0 bytes
2025/07/04 15:19:13 ServeHTTP(https://tma.ifip.org/wp-includes/images/w-logo-blue-white-bg.png): serving 200, 4119 bytes
2025/07/04 15:19:16 ServeHTTP(https://android.clients.google.com/checkin): serving 200, 470 bytes
2025/07/04 15:19:16 ServeHTTP(https://android.clients.google.com/c2dm/register3): serving 200, 50 bytes
2025/07/04 15:19:16 ServeHTTP(https://android.clients.google.com/c2dm/register3): serving 200, 50 bytes
2025/07/04 15:19:32 ServeHTTP(https://accounts.google.com/ListAccounts?gpsia=1&source=ChromiumBrowser&json=standard): serving 200, 43 bytes
2025/07/04 15:19:32 ScriptInjector(https://tma.ifip.org/2023/): succesfully injected
2025/07/04 15:19:32 ServeHTTP(https://tma.ifip.org/2023/): serving 200, 11995 bytes
2025/07/04 15:19:32 ServeHTTP(https://tma.ifip.org/2023/wp-content/themes/spacious/font-awesome/library/font-awesome/css/v4-shims.min.css?ver=4.7.0): serving 200, 4113 bytes
2025/07/04 15:19:32 ServeHTTP(https://tma.ifip.org/2023/wp-includes/css/dist/block-library/style.min.css?ver=6.8.1): serving 200, 15323 bytes
2025/07/04 15:19:33 ServeHTTP(https://tma.ifip.org/2023/wp-content/themes/spacious/font-awesome/library/font-awesome/css/all.min.css?ver=6.2.4): serving 200, 29808 bytes
2025/07/04 15:19:33 ServeHTTP(https://tma.ifip.org/2023/wp-content/themes/spacious/font-awesome/library/font-awesome/css/solid.min.css?ver=6.2.4): serving 200, 325 bytes
2025/07/04 15:19:33 ServeHTTP(https://tma.ifip.org/2023/wp-content/themes/spacious/font-awesome/library/font-awesome/css/brands.min.css?ver=6.2.4): serving 200, 4833 bytes
2025/07/04 15:19:33 ServeHTTP(https://tma.ifip.org/2023/wp-content/themes/spacious/font-awesome/library/font-awesome/css/regular.min.css?ver=6.2.4): serving 200, 326 bytes
2025/07/04 15:19:33 ServeHTTP(https://tma.ifip.org/2023/wp-content/themes/spacious/genericons/genericons.css?ver=3.3.1): serving 200, 16468 bytes
2025/07/04 15:19:33 ServeHTTP(https://tma.ifip.org/2023/wp-content/themes/spacious/style.css?ver=6.8.1): serving 200, 13486 bytes
2025/07/04 15:19:33 ServeHTTP(https://tma.ifip.org/2023/wp-content/themes/spacious/js/spacious-custom.js?ver=6.8.1): serving 200, 1020 bytes
2025/07/04 15:19:33 ServeHTTP(https://tma.ifip.org/2023/wp-content/uploads/sites/12/2023/05/cropped-Napoli_Final-scaled-1.jpg): serving 200, 165966 bytes
2025/07/04 15:19:33 ServeHTTP(https://tma.ifip.org/2023/wp-includes/js/jquery/jquery-migrate.min.js?ver=3.4.1): serving 200, 4872 bytes
2025/07/04 15:19:33 ServeHTTP(https://tma.ifip.org/2023/wp-content/uploads/sites/12/2019/09/cropped-cropped-tma-conference-logo_1.png): serving 200, 111390 bytes
2025/07/04 15:19:33 ServeHTTP(https://tma.ifip.org/2023/wp-content/themes/spacious/font-awesome/css/font-awesome.min.css?ver=4.7.1): serving 200, 23431 bytes
2025/07/04 15:19:33 ServeHTTP(https://tma.ifip.org/2023/wp-includes/js/jquery/jquery.min.js?ver=3.7.1): serving 200, 30368 bytes
2025/07/04 15:19:33 ServeHTTP(https://tma.ifip.org/2023/wp-content/uploads/sites/12/siteorigin-widgets/sow-image-default-8b5b6f678277.css?ver=6.8.1): serving 200, 224 bytes
2025/07/04 15:19:33 ServeHTTP(https://tma.ifip.org/2023/wp-content/uploads/sites/12/siteorigin-widgets/sow-image-default-c67d20f9f743.css?ver=6.8.1): serving 200, 239 bytes
2025/07/04 15:19:33 ServeHTTP(https://tma.ifip.org/2023/wp-content/plugins/siteorigin-panels/css/front-flex.min.css?ver=2.32.1): serving 200, 563 bytes
2025/07/04 15:19:33 ServeHTTP(https://tma.ifip.org/2023/wp-content/themes/spacious/js/navigation.js?ver=6.8.1): serving 200, 2648 bytes
2025/07/04 15:19:33 ServeHTTP(https://tma.ifip.org/2023/wp-content/themes/spacious/js/skip-link-focus-fix.js?ver=6.8.1): serving 200, 425 bytes
2025/07/04 15:19:33 ServeHTTP(https://tma.ifip.org/2023/wp-content/uploads/sites/12/2019/09/ieee_mb_blue.gif): serving 200, 3035 bytes
2025/07/04 15:19:33 ServeHTTP(https://tma.ifip.org/2023/wp-content/themes/spacious/assets/fonts/Lato-Bold.woff): serving 200, 36784 bytes
2025/07/04 15:19:33 ServeHTTP(https://tma.ifip.org/2023/wp-content/uploads/sites/12/2019/09/logoIFIP-150x150.gif): serving 200, 87007 bytes
2025/07/04 15:19:33 ServeHTTP(https://tma.ifip.org/2023/wp-content/themes/spacious/assets/fonts/Lato-Regular.woff): serving 200, 37580 bytes
2025/07/04 15:19:33 ServeHTTP(https://tma.ifip.org/2023/wp-content/uploads/sites/12/2019/09/ieee-comsoc.png): serving 200, 19101 bytes
2025/07/04 15:19:33 ServeHTTP(https://tma.ifip.org/2023/wp-content/uploads/sites/12/2020/01/IFIP_TC6.png): serving 200, 24460 bytes
2025/07/04 15:19:33 ServeHTTP(https://tma.ifip.org/2023/wp-content/uploads/sites/12/2023/03/nm2-300x104.png): serving 200, 17669 bytes
2025/07/04 15:19:33 ServeHTTP(https://tma.ifip.org/2023/wp-content/uploads/sites/12/2022/04/image-1.png): serving 200, 65865 bytes
2025/07/04 15:19:33 ServeHTTP(https://tma.ifip.org/2023/wp-includes/js/wp-emoji-release.min.js?ver=6.8.1): serving 200, 5166 bytes
2025/07/04 15:19:33 ServeHTTP(https://tma.ifip.org/favicon.ico): serving 302, 0 bytes
2025/07/04 15:19:33 ServeHTTP(https://tma.ifip.org/wp-includes/images/w-logo-blue-white-bg.png): serving 200, 4119 bytes
2025/07/04 15:19:36 ServeHTTP(https://android.clients.google.com/checkin): serving 200, 473 bytes
2025/07/04 15:19:36 ServeHTTP(https://android.clients.google.com/c2dm/register3): serving 200, 50 bytes
2025/07/04 15:19:37 ServeHTTP(https://android.clients.google.com/c2dm/register3): serving 200, 149 bytes
2025/07/04 15:19:52 ServeHTTP(https://accounts.google.com/ListAccounts?gpsia=1&source=ChromiumBrowser&json=standard): serving 200, 43 bytes
2025/07/04 15:19:53 ScriptInjector(https://tma.ifip.org/2024/): succesfully injected
2025/07/04 15:19:53 ServeHTTP(https://tma.ifip.org/2024/): serving 200, 12051 bytes
2025/07/04 15:19:53 ServeHTTP(https://tma.ifip.org/2024/wp-content/themes/spacious/font-awesome/library/font-awesome/css/v4-shims.min.css?ver=4.7.0): serving 200, 4113 bytes
2025/07/04 15:19:53 ServeHTTP(https://tma.ifip.org/2024/wp-content/themes/spacious/font-awesome/library/font-awesome/css/solid.min.css?ver=6.2.4): serving 200, 325 bytes
2025/07/04 15:19:53 ServeHTTP(https://tma.ifip.org/2024/wp-content/themes/spacious/font-awesome/library/font-awesome/css/regular.min.css?ver=6.2.4): serving 200, 326 bytes
2025/07/04 15:19:53 ServeHTTP(https://tma.ifip.org/2024/wp-includes/css/dist/block-library/style.min.css?ver=6.8.1): serving 200, 15323 bytes
2025/07/04 15:19:53 ServeHTTP(https://tma.ifip.org/2024/wp-content/themes/spacious/font-awesome/library/font-awesome/css/brands.min.css?ver=6.2.4): serving 200, 4833 bytes
2025/07/04 15:19:53 ServeHTTP(https://tma.ifip.org/2024/wp-content/themes/spacious/style.css?ver=6.8.1): serving 200, 13486 bytes
2025/07/04 15:19:53 ServeHTTP(https://tma.ifip.org/2024/wp-content/themes/spacious/font-awesome/library/font-awesome/css/all.min.css?ver=6.2.4): serving 200, 29808 bytes
2025/07/04 15:19:53 ServeHTTP(https://tma.ifip.org/2024/wp-content/themes/spacious/genericons/genericons.css?ver=3.3.1): serving 200, 16468 bytes
2025/07/04 15:19:53 ServeHTTP(https://tma.ifip.org/2024/wp-content/uploads/sites/13/2023/11/cropped-sladjana-karvounis-424406-unsplash-2-with-logo-small-scaled.jpg): serving 200, 404413 bytes
2025/07/04 15:19:53 ServeHTTP(https://tma.ifip.org/2024/wp-includes/js/jquery/jquery-migrate.min.js?ver=3.4.1): serving 200, 4872 bytes
2025/07/04 15:19:53 ServeHTTP(https://tma.ifip.org/2024/wp-includes/js/jquery/jquery.min.js?ver=3.7.1): serving 200, 30368 bytes
2025/07/04 15:19:53 ServeHTTP(https://tma.ifip.org/2024/wp-content/themes/spacious/font-awesome/css/font-awesome.min.css?ver=4.7.1): serving 200, 23431 bytes
2025/07/04 15:19:53 ServeHTTP(https://tma.ifip.org/2024/wp-content/themes/spacious/js/spacious-custom.js?ver=6.8.1): serving 200, 1020 bytes
2025/07/04 15:19:53 ServeHTTP(https://tma.ifip.org/2024/wp-content/uploads/sites/13/2019/09/cropped-cropped-tma-conference-logo_1.png): serving 200, 111390 bytes
2025/07/04 15:19:53 ServeHTTP(https://tma.ifip.org/2024/wp-content/uploads/sites/13/siteorigin-widgets/sow-image-default-c67d20f9f743.css?ver=6.8.1): serving 200, 239 bytes
2025/07/04 15:19:53 ServeHTTP(https://tma.ifip.org/2024/wp-content/uploads/sites/13/siteorigin-widgets/sow-image-default-8b5b6f678277.css?ver=6.8.1): serving 200, 224 bytes
2025/07/04 15:19:53 ServeHTTP(https://tma.ifip.org/2024/wp-content/plugins/siteorigin-panels/css/front-flex.min.css?ver=2.32.1): serving 200, 563 bytes
2025/07/04 15:19:53 ServeHTTP(https://tma.ifip.org/2024/wp-content/themes/spacious/js/navigation.js?ver=6.8.1): serving 200, 2648 bytes
2025/07/04 15:19:53 ServeHTTP(https://tma.ifip.org/2024/wp-content/themes/spacious/js/skip-link-focus-fix.js?ver=6.8.1): serving 200, 425 bytes
2025/07/04 15:19:53 ServeHTTP(https://tma.ifip.org/2024/wp-content/uploads/sites/13/2020/01/IFIP_TC6.png): serving 200, 24460 bytes
2025/07/04 15:19:53 ServeHTTP(https://tma.ifip.org/2024/wp-content/uploads/sites/13/2019/09/ieee-comsoc.png): serving 200, 19101 bytes
2025/07/04 15:19:53 ServeHTTP(https://tma.ifip.org/2024/wp-content/uploads/sites/13/2019/09/ieee_mb_blue.gif): serving 200, 3035 bytes
2025/07/04 15:19:53 ServeHTTP(https://tma.ifip.org/2024/wp-content/uploads/sites/13/2024/04/logo_afnic_RVB_baseline-300x195.jpg): serving 200, 20877 bytes
2025/07/04 15:19:53 ServeHTTP(https://tma.ifip.org/2024/wp-content/themes/spacious/assets/fonts/Lato-Bold.woff): serving 200, 36784 bytes
2025/07/04 15:19:53 ServeHTTP(https://tma.ifip.org/2024/wp-content/themes/spacious/assets/fonts/Lato-Regular.woff): serving 200, 37580 bytes
2025/07/04 15:19:53 ServeHTTP(https://tma.ifip.org/2024/wp-content/uploads/sites/13/2019/09/logoIFIP-150x150.gif): serving 200, 87007 bytes
2025/07/04 15:19:53 ServeHTTP(https://tma.ifip.org/2024/wp-content/uploads/sites/13/2024/04/Sticker_Logo_BCIX_Dynamic_Blue.svg): serving 200, 21990 bytes
2025/07/04 15:19:53 ServeHTTP(https://tma.ifip.org/2024/wp-includes/js/wp-emoji-release.min.js?ver=6.8.1): serving 200, 5166 bytes
2025/07/04 15:19:53 ServeHTTP(https://tma.ifip.org/2024/wp-content/uploads/sites/13/2022/05/Comcast_M_COLOR_BLK-300x106.jpg): serving 200, 28259 bytes
2025/07/04 15:19:53 ServeHTTP(https://tma.ifip.org/favicon.ico): serving 302, 0 bytes
2025/07/04 15:19:54 ServeHTTP(https://tma.ifip.org/wp-includes/images/w-logo-blue-white-bg.png): serving 200, 4119 bytes
2025/07/04 15:19:56 ServeHTTP(https://android.clients.google.com/checkin): serving 200, 472 bytes
2025/07/04 15:19:56 ServeHTTP(https://android.clients.google.com/c2dm/register3): serving 200, 50 bytes
2025/07/04 15:19:56 ServeHTTP(https://android.clients.google.com/c2dm/register3): serving 200, 50 bytes
2025/07/04 15:20:12 ServeHTTP(https://accounts.google.com/ListAccounts?gpsia=1&source=ChromiumBrowser&json=standard): serving 200, 43 bytes
2025/07/04 15:20:12 ServeHTTP(https://tma.ifip.org/robots.txt): serving 200, 109 bytes
2025/07/04 15:20:13 ServeHTTP(https://tma.ifip.org/favicon.ico): serving 302, 0 bytes
2025/07/04 15:20:13 ServeHTTP(https://tma.ifip.org/wp-includes/images/w-logo-blue-white-bg.png): serving 200, 4119 bytes
2025/07/04 15:20:15 ServeHTTP(https://android.clients.google.com/checkin): serving 200, 472 bytes
2025/07/04 15:20:15 ServeHTTP(https://android.clients.google.com/c2dm/register3): serving 200, 50 bytes
2025/07/04 15:20:15 ServeHTTP(https://android.clients.google.com/c2dm/register3): serving 200, 50 bytes
2025/07/04 15:20:29 Shutting down
2025/07/04 15:20:29 Writing archive file to /workdir/archive.wprgo
